
C:\Users\KozakVF\workspaseMW3\tkModbusWindows\tk5log2020_02_18.log
=========================================================================================================






C:\Users\KozakVF\workspaseMW3\tkModbusWindows\tk5log2020_02_18.log
=========================================================================================================


08:10:22     a3TxRx.c Старт сесії 1
08:10:22     a3TxRx.c Варіант сесії 8023
08:10:22     0x3 0x007B  18 ms, err 1
08:10:22     a3TxRx.c Сесію 1 8023  завершено. Код 1
08:10:53     a3TxRx.c Старт сесії 2
08:10:53     a3TxRx.c Варіант сесії 8023
08:10:53     0x3 0x007B  18 ms, err 1
08:10:53     a3TxRx.c Сесію 2 8023  завершено. Код 1
08:11:03     a3TxRx.c Старт сесії 3
08:11:03     a3TxRx.c Варіант сесії 8023
08:11:03     0x3 0x007B  18 ms, err 1
08:11:03     a3TxRx.c Сесію 3 8023  завершено. Код 1




C:\Users\KozakVF\workspaseMW3\tkModbusWindows\tk5log2020_02_18.log
=========================================================================================================


09:18:37     a3TxRx.c Старт сесії 1
09:18:37     a3TxRx.c Варіант сесії 8023
09:18:37     0x3 0x007B  18 ms, err 1
09:18:37     a3TxRx.c Сесію 1 8023  завершено. Код 1
09:18:46     a3TxRx.c Старт сесії 2
09:18:46     a3TxRx.c Варіант сесії 8023
09:18:46     0x3 0x007B  18 ms, err 1
09:18:46     a3TxRx.c Сесію 2 8023  завершено. Код 1
09:18:52     a3TxRx.c Старт сесії 3
09:18:52     a3TxRx.c Варіант сесії 8023
09:18:52     0x3 0x007B  18 ms, err 1
09:18:52     a3TxRx.c Сесію 3 8023  завершено. Код 1
09:18:54     a3TxRx.c Старт сесії 4
09:18:54     a3TxRx.c Варіант сесії 8023
09:18:54     0x3 0x007B  18 ms, err 1
09:18:54     a3TxRx.c Сесію 4 8023  завершено. Код 1
09:18:55     a3TxRx.c Старт сесії 5
09:18:55     a3TxRx.c Варіант сесії 8023
09:18:55     0x3 0x007B  18 ms, err 1
09:18:55     a3TxRx.c Сесію 5 8023  завершено. Код 1
09:18:56     a3TxRx.c Старт сесії 6
09:18:56     a3TxRx.c Варіант сесії 8023
09:18:56     0x3 0x007B  18 ms, err 1
09:18:56     a3TxRx.c Сесію 6 8023  завершено. Код 1
09:18:56     a3TxRx.c Старт сесії 7
09:18:56     a3TxRx.c Варіант сесії 8023
09:18:56     0x3 0x007B  18 ms, err 1
09:18:56     a3TxRx.c Сесію 7 8023  завершено. Код 1
09:18:56     a3TxRx.c Старт сесії 8
09:18:56     a3TxRx.c Варіант сесії 8023
09:18:56     0x3 0x007B  18 ms, err 1
09:18:56     a3TxRx.c Сесію 8 8023  завершено. Код 1
09:18:57     a3TxRx.c Старт сесії 9
09:18:57     a3TxRx.c Варіант сесії 8023
09:18:57     0x3 0x007B  18 ms, err 1
09:18:57     a3TxRx.c Сесію 9 8023  завершено. Код 1
09:18:57     a3TxRx.c Старт сесії 10
09:18:57     a3TxRx.c Варіант сесії 8023
09:18:57     0x3 0x007B  18 ms, err 1
09:18:57     a3TxRx.c Сесію 10 8023  завершено. Код 1
09:18:57     a3TxRx.c Старт сесії 11
09:18:57     a3TxRx.c Варіант сесії 8023
09:18:57     0x3 0x007B  18 ms, err 1
09:18:57     a3TxRx.c Сесію 11 8023  завершено. Код 1
09:18:57     a3TxRx.c Старт сесії 12
09:18:57     a3TxRx.c Варіант сесії 8023
09:18:57     0x3 0x007B  18 ms, err 1
09:18:57     a3TxRx.c Сесію 12 8023  завершено. Код 1
09:18:57     a3TxRx.c Старт сесії 13
09:18:57     a3TxRx.c Варіант сесії 8023
09:18:57     0x3 0x007B  18 ms, err 1
09:18:57     a3TxRx.c Сесію 13 8023  завершено. Код 1
09:18:58     a3TxRx.c Старт сесії 14
09:18:58     a3TxRx.c Варіант сесії 8023
09:18:58     0x3 0x007B  18 ms, err 1
09:18:58     a3TxRx.c Сесію 14 8023  завершено. Код 1
09:18:58     a3TxRx.c Старт сесії 15
09:18:58     a3TxRx.c Варіант сесії 8023
09:18:58     0x3 0x007B  18 ms, err 1
09:18:58     a3TxRx.c Сесію 15 8023  завершено. Код 1
09:18:58     a3TxRx.c Старт сесії 16
09:18:58     a3TxRx.c Варіант сесії 8023
09:18:58     0x3 0x007B  18 ms, err 1
09:18:58     a3TxRx.c Сесію 16 8023  завершено. Код 1
09:18:58     a3TxRx.c Старт сесії 17
09:18:58     a3TxRx.c Варіант сесії 8023
09:18:58     0x3 0x007B  18 ms, err 1
09:18:58     a3TxRx.c Сесію 17 8023  завершено. Код 1
09:19:20     a3TxRx.c Старт сесії 18
09:19:20     a3TxRx.c Варіант сесії 8023
09:19:20     0x3 0x007B  18 ms, err 1
09:19:20     a3TxRx.c Сесію 18 8023  завершено. Код 1
09:19:21     a3TxRx.c Старт сесії 19
09:19:21     a3TxRx.c Варіант сесії 8023
09:19:21     0x3 0x007B  18 ms, err 1
09:19:21     a3TxRx.c Сесію 19 8023  завершено. Код 1
09:19:22     a3TxRx.c Старт сесії 20
09:19:22     a3TxRx.c Варіант сесії 8023
09:19:22     0x3 0x007B  18 ms, err 1
09:19:22     a3TxRx.c Сесію 20 8023  завершено. Код 1
09:19:23     a3TxRx.c Старт сесії 21
09:19:23     a3TxRx.c Варіант сесії 8023
09:19:23     0x3 0x007B  18 ms, err 1
09:19:23     a3TxRx.c Сесію 21 8023  завершено. Код 1
09:19:23     a3TxRx.c Старт сесії 22
09:19:23     a3TxRx.c Варіант сесії 8023
09:19:23     0x3 0x007B  18 ms, err 1
09:19:23     a3TxRx.c Сесію 22 8023  завершено. Код 1
09:19:23     a3TxRx.c Старт сесії 23
09:19:23     a3TxRx.c Варіант сесії 8023
09:19:23     0x3 0x007B  18 ms, err 1
09:19:23     a3TxRx.c Сесію 23 8023  завершено. Код 1
09:19:23     a3TxRx.c Старт 
C:\Users\KozakVF\workspaseMW3\tkModbusWindows\tk5log2020_02_18.log
=========================================================================================================


C:\Users\KozakVF\workspaseMW3\tkModbusWindows\tk5log2020_02_18.log
=========================================================================================================


13:21:06     a3TxRx.c Старт сесії 1
13:21:06     a3TxRx.c Варіант сесії 8023
13:21:06     0x3 0x007B  18 ms, err 1
13:21:06     a3TxRx.c Сесію 1 8023  завершено. Код 1



