
C:\Users\KozakVF\workspaseMW3\tkModbusWindows\tk5log2020_02_17.log
=========================================================================================================






C:\Users\KozakVF\workspaseMW3\tkModbusWindows\tk5log2020_02_17.log
=========================================================================================================






C:\Users\KozakVF\workspaseMW3\tkModbusWindows\tk5log2020_02_17.log
=========================================================================================================






C:\Users\KozakVF\workspaseMW3\tkModbusWindows\tk5log2020_02_17.log
=========================================================================================================


20:26:40     a3TxRx.c Старт сесії 1
20:26:40     a3TxRx.c Варіант сесії 435
20:26:40     a3TxRx.c Сесію 1 435  завершено. Код 15
20:26:40      a3_tk5z.c Отримано повідомлення про помилку Модбас 15
20:26:40      a20_tk5.c: З обробника черги отримано відповідь про помилку тестового сеансу
20:26:40     a20_tk5.c: Реакція на відповідь 1 від ТК5. Виведено 'tk5', запущено таймер
20:26:43      a20_tk5.c: Стерто тестове повідомлення 
20:26:53     a3TxRx.c Старт сесії 2
20:26:53     a3TxRx.c Варіант сесії 435
20:26:54     0x11 0x0000  603 ms, err 4
20:26:54     a3TxRx.c Сесію 2 435  завершено. Код 4
20:26:54      a3_tk5z.c Отримано повідомлення про помилку Модбас 4
20:26:54      a20_tk5.c: З обробника черги отримано відповідь про помилку тестового сеансу
20:27:08     a3TxRx.c Старт сесії 3
20:27:08     a3TxRx.c Варіант сесії 435
20:27:08     0x11 0x0000  6 ms, err 1
20:27:08     a3TxRx.c Сесію 3 435  завершено. Код 1
20:27:08      a3_tk5z.c: Отримано тестову відповідь 1 від ТК5
20:27:08      a20_tk5.c: З обробника черги отримано відповідь про помилку тестового сеансу
20:27:08     a20_tk5.c: Реакція на відповідь 2 від ТК5. Виведено 'tk5', запущено таймер
20:27:11      a20_tk5.c: Стерто тестове повідомлення 
20:27:26     a3TxRx.c Старт сесії 4
20:27:26     a3TxRx.c Варіант сесії 8013
20:27:26     0x3 0x0000  18 ms, err 1
20:27:26     a3TxRx.c Сесію 4 8013  завершено. Код 1




C:\Users\KozakVF\workspaseMW3\tkModbusWindows\tk5log2020_02_17.log
=========================================================================================================


22:20:15     a3TxRx.c Старт сесії 1
22:20:15     a3TxRx.c Варіант сесії 8011
22:20:17     0x10 0x0000  6 ms, err 1
22:20:19     a3TxRx.c Сесію 1 8011  завершено. Код 1
22:20:58     a3TxRx.c Старт сесії 2
22:20:58     a3TxRx.c Варіант сесії 8011
22:21:00     0x10 0x0000  6 ms, err 1
22:21:00     a3TxRx.c Сесію 2 8011  завершено. Код 1
22:25:35     a3TxRx.c Старт сесії 3
22:25:35     a3TxRx.c Варіант сесії 8011
22:25:45     0x10 0x0000  6 ms, err 1
22:25:45     a3TxRx.c Сесію 3 8011  завершено. Код 1



