
C:\Users\KozakVF\workspaseMW3\tkModbusWindows\LOGS_TK5\tk5log2020_02_20.log
=========================================================================================================






C:\Users\KozakVF\workspaseMW3\tkModbusWindows\LOGS_TK5\tk5log2020_02_20.log
=========================================================================================================


18:15:34     a3TxRx.c Старт сесії 1
18:15:34     a3TxRx.c Варіант сесії 435
18:15:34     0x11 0x0000  6 ms, err 1
18:15:34     a3TxRx.c Сесію 1 435  завершено. Код 1
18:15:34      a3_tk5z.c: Отримано тестову відповідь 1 від ТК5
18:15:34      a20_tk5.c: З обробника черги отримано відповідь про помилку тестового сеансу
18:15:34     a20_tk5.c: Реакція на відповідь 1 від ТК5. Виведено 'tk5', запущено таймер
18:15:34     a3TxRx.c Старт сесії 2
18:15:34     a3TxRx.c Варіант сесії 8013
18:15:34     0x3 0x0001  18 ms, err 1
18:15:34     a3TxRx.c Сесію 2 8013  завершено. Код 1
18:15:34     a3TxRx.c Старт сесії 3
18:15:34     a3TxRx.c Варіант сесії 8023
18:15:34     0x3 0x007B  18 ms, err 1
18:15:34     a3TxRx.c Сесію 3 8023  завершено. Код 1
18:15:37      a20_tk5.c: Стерто тестове повідомлення 
18:15:38     a3TxRx.c Старт сесії 4
18:15:38     a3TxRx.c Варіант сесії 256
18:15:38     0x3 0x0000  30 ms, err 1
18:15:38     a3TxRx.c Сесію 4 256  завершено. Код 1
18:15:39     a3TxRx.c Старт сесії 5
18:15:39     a3TxRx.c Варіант сесії 256
18:15:39     0x3 0x0000  33 ms, err 1
18:15:39     a3TxRx.c Сесію 5 256  завершено. Код 1
18:15:40     a3TxRx.c Старт сесії 6
18:15:40     a3TxRx.c Варіант сесії 256
18:15:40     0x3 0x0000  30 ms, err 1
18:15:40     a3TxRx.c Сесію 6 256  завершено. Код 1
18:15:41     a3TxRx.c Старт сесії 7
18:15:41     a3TxRx.c Варіант сесії 256
18:15:41     0x3 0x0000  33 ms, err 1
18:15:41     a3TxRx.c Сесію 7 256  завершено. Код 1
18:15:42     a3TxRx.c Старт сесії 8
18:15:42     a3TxRx.c Варіант сесії 256
18:15:42     0x3 0x0000  30 ms, err 1
18:15:42     a3TxRx.c Сесію 8 256  завершено. Код 1
18:15:43     a3TxRx.c Старт сесії 9
18:15:43     a3TxRx.c Варіант сесії 256
18:15:43     0x3 0x0000  33 ms, err 1
18:15:43     a3TxRx.c Сесію 9 256  завершено. Код 1
18:15:44     a3TxRx.c Старт сесії 10
18:15:44     a3TxRx.c Варіант сесії 256
18:15:44     0x3 0x0000  30 ms, err 1
18:15:44     a3TxRx.c Сесію 10 256  завершено. Код 1
18:15:45     a3TxRx.c Старт сесії 11
18:15:45     a3TxRx.c Варіант сесії 256
18:15:45     0x3 0x0000  33 ms, err 1
18:15:45     a3TxRx.c Сесію 11 256  завершено. Код 1
18:15:46     a3TxRx.c Старт сесії 12
18:15:46     a3TxRx.c Варіант сесії 256
18:15:46     0x3 0x0000  30 ms, err 1
18:15:46     a3TxRx.c Сесію 12 256  завершено. Код 1
18:15:47     a3TxRx.c Старт сесії 13
18:15:47     a3TxRx.c Варіант сесії 256
18:15:47     0x3 0x0000  33 ms, err 1
18:15:47     a3TxRx.c Сесію 13 256  завершено. Код 1
18:15:48     a3TxRx.c Старт сесії 14
18:15:48     a3TxRx.c Варіант сесії 256
18:15:48     0x3 0x0000  30 ms, err 1
18:15:48     a3TxRx.c Сесію 14 256  завершено. Код 1
18:15:49     a3TxRx.c Старт сесії 15
18:15:49     a3TxRx.c Варіант сесії 256
18:15:49     0x3 0x0000  33 ms, err 1
18:15:49     a3TxRx.c Сесію 15 256  завершено. Код 1
18:15:50     a3TxRx.c Старт сесії 16
18:15:50     a3TxRx.c Варіант сесії 256
18:15:50     0x3 0x0000  30 ms, err 1
18:15:50     a3TxRx.c Сесію 16 256  завершено. Код 1
18:15:51     a3TxRx.c Старт сесії 17
18:15:51     a3TxRx.c Варіант сесії 256
18:15:51     0x3 0x0000  33 ms, err 1
18:15:51     a3TxRx.c Сесію 17 256  завершено. Код 1
18:15:52     a3TxRx.c Старт сесії 18
18:15:52     a3TxRx.c Варіант сесії 256
18:15:52     0x3 0x0000  30 ms, err 1
18:15:52     a3TxRx.c Сесію 18 256  завершено. Код 1
18:15:53     a3TxRx.c Старт сесії 19
18:15:53     a3TxRx.c Варіант сесії 256
18:15:53     0x3 0x0000  33 ms, err 1
18:15:53     a3TxRx.c Сесію 19 256  завершено. Код 1
18:15:54     a3TxRx.c Старт сесії 20
18:15:54     a3TxRx.c Варіант сесії 256
18:15:54     0x3 0x0000  30 ms, err 1
18:15:54     a3TxRx.c Сесію 20 256  завершено. Код 1
18:15:55     a3TxRx.c Старт сесії 21
18:15:55     a3TxRx.c Варіант сесії 256
18:15:55     0x3 0x0000  33 ms, err 1
18:15:55     a3TxRx.c Сесію 21 256  завершено. Код 1
18:15:56     a3TxRx.c Старт сесії 22
18:15:56     a3TxRx.c Варіант сесії 256
18:15:56     0x3 0x0000  30 ms, err 1
18:15:56     a3TxRx.c Сесію 22 256  завершено. Код 1
18:15:56     a3TxRx.c Старт сесії 23
18:15:56     a3TxRx.c Варіант сесії 8023
18:15:56     0x3 0x007B  18 ms, err 1
18:15:56     a3TxRx.c Сесію 23 8023  завершено. Код 1
18:15:57     a3TxRx.c Старт сесії 24
18:15:57     a3TxRx.c Варіант сесії 256
18:15:57     0x3 0x0000  33 ms, err 1
18:15:57     a3TxRx.c Сесію 24 256  завершено. Код 1
18:15:58     a3TxRx.c Старт сесії 25
18:15:58     a3TxRx.c Варіант сесії 256
18:15:58     0x3 0x0000  30 ms, err 1
18:15:58     a3TxRx.c Сесію 25 256  завершено. Код 1
18:15:59     a3TxRx.c Старт сесії 26
18:15:59     a3TxRx.c Варіант сесії 256
18:15:59     0x3 0x0000  33 ms, err 1
18:15:59     a3TxRx.c Сесію 26 256  завершено. Код 1
18:16:00     a3TxRx.c Старт сесії 27
18:16:00     a3TxRx.c Варіант сесії 256
18:16:00     0x3 0x0000  30 ms, err 1
18:16:00     a3TxRx.c Сесію 27 256  завершено. Код 1
18:16:01     a3TxRx.c Старт сесії 28
18:16:01     a3TxRx.c Варіант сесії 256
18:16:01     0x3 0x0000  33 ms, err 1
18:16:01     a3TxRx.c Сесію 28 256  завершено. Код 1
18:16:02     a3TxRx.c Старт сесії 29
18:16:02     a3TxRx.c Варіант сесії 256
18:16:02     0x3 0x0000  30 ms, err 1
18:16:02     a3TxRx.c Сесію 29 256  завершено. Код 1
18:16:03     a3TxRx.c Старт сесії 30
18:16:03     a3TxRx.c Варіант сесії 256
18:16:03     0x3 0x0000  33 ms, err 1
18:16:03     a3TxRx.c Сесію 30 256  завершено. Код 1
18:16:04     a3TxRx.c Старт сесії 31
18:16:04     a3TxRx.c Варіант сесії 256
18:16:04     0x3 0x0000  30 ms, err 1
18:16:04     a3TxRx.c Сесію 31 256  завершено. Код 1
18:16:04     a3TxRx.c Старт сесії 32
18:16:04     a3TxRx.c Варіант сесії 16
18:16:04     0x10 0x0000  6 ms, err 1
18:16:04     a3TxRx.c Сесію 32 16  завершено. Код 1
18:16:04     a3TxRx.c Старт сесії 33
18:16:04     a3TxRx.c Варіант сесії 8023
18:16:04     0x3 0x007B  18 ms, err 1
18:16:04     a3TxRx.c Сесію 33 8023  завершено. Код 1
18:16:05     a3TxRx.c Старт сесії 34
18:16:05     a3TxRx.c Варіант сесії 256
18:16:05     0x3 0x0000  33 ms, err 1
18:16:05     a3TxRx.c Сесію 34 256  завершено. Код 1
18:16:06     a3TxRx.c Старт сесії 35
18:16:06     a3TxRx.c Варіант сесії 256
18:16:06     0x3 0x0000  30 ms, err 1
18:16:06     a3TxRx.c Сесію 35 256  завершено. Код 1
18:16:07     a3TxRx.c Старт сесії 36
18:16:07     a3TxRx.c Варіант сесії 256
18:16:07     0x3 0x0000  33 ms, err 1
18:16:07     a3TxRx.c Сесію 36 256  завершено. Код 1
18:16:08     a3TxRx.c Старт сесії 37
18:16:08     a3TxRx.c Варіант сесії 256
18:16:08     0x3 0x0000  30 ms, err 1
18:16:08     a3TxRx.c Сесію 37 256  завершено. Код 1
18:16:09     a3TxRx.c Старт сесії 38
18:16:09     a3TxRx.c Варіант сесії 256
18:16:09     0x3 0x0000  33 ms, err 1
18:16:09     a3TxRx.c Сесію 38 256  завершено. Код 1
18:16:10     a3TxRx.c Старт сесії 39
18:16:10     a3TxRx.c Варіант сесії 256
18:16:10     0x3 0x0000  30 ms, err 1
18:16:10     a3TxRx.c Сесію 39 256  завершено. Код 1
18:16:11     a3TxRx.c Старт сесії 40
18:16:11     a3TxRx.c Варіант сесії 435
18:16:11     0x11 0x0000  6 ms, err 1
18:16:11     a3TxRx.c Сесію 40 435  завершено. Код 1
18:16:11      a3_tk5z.c: Отримано тестову відповідь 2 від ТК5
18:16:11      a20_tk5.c: З обробника черги отримано відповідь про помилку тестового сеансу
18:16:11     a20_tk5.c: Реакція на відповідь 2 від ТК5. Виведено 'tk5', запущено таймер
18:16:11     a3TxRx.c Старт сесії 41
18:16:11     a3TxRx.c Варіант сесії 8013
18:16:11     0x3 0x0001  18 ms, err 1
18:16:11     a3TxRx.c Сесію 41 8013  завершено. Код 1
18:16:11     a3TxRx.c Старт сесії 42
18:16:11     a3TxRx.c Варіант сесії 8023
18:16:11     0x3 0x007B  18 ms, err 1
18:16:11     a3TxRx.c Сесію 42 8023  завершено. Код 1
18:16:11     a3TxRx.c Старт сесії 43
18:16:11     a3TxRx.c Варіант сесії 256
18:16:11     0x3 0x0000  30 ms, err 1
18:16:11     a3TxRx.c Сесію 43 256  завершено. Код 1
18:16:12     a3TxRx.c Старт сесії 44
18:16:12     a3TxRx.c Варіант сесії 256
18:16:12     0x3 0x0000  30 ms, err 1
18:16:12     a3TxRx.c Сесію 44 256  завершено. Код 1
18:16:13     a3TxRx.c Старт сесії 45
18:16:13     a3TxRx.c Варіант сесії 256
18:16:13     0x3 0x0000  33 ms, err 1
18:16:13     a3TxRx.c Сесію 45 256  завершено. Код 1
18:16:14      a20_tk5.c: Стерто тестове повідомлення 
18:16:14     a3TxRx.c Старт сесії 46
18:16:14     a3TxRx.c Варіант сесії 256
18:16:14     0x3 0x0000  30 ms, err 1
18:16:14     a3TxRx.c Сесію 46 256  завершено. Код 1
18:16:15     a3TxRx.c Старт сесії 47
18:16:15     a3TxRx.c Варіант сесії 256
18:16:15     0x3 0x0000  33 ms, err 1
18:16:15     a3TxRx.c Сесію 47 256  завершено. Код 1
18:16:16     a3TxRx.c Старт сесії 48
18:16:16     a3TxRx.c Варіант сесії 256
18:16:16     0x3 0x0000  30 ms, err 1
18:16:16     a3TxRx.c Сесію 48 256  завершено. Код 1
18:16:17     a3TxRx.c Старт сесії 49
18:16:17     a3TxRx.c Варіант сесії 256
18:16:17     0x3 0x0000  30 ms, err 1
18:16:17     a3TxRx.c Сесію 49 256  завершено. Код 1
18:16:18     a3TxRx.c Старт сесії 50
18:16:18     a3TxRx.c Варіант сесії 256
18:16:18     0x3 0x0000  30 ms, err 1
18:16:18     a3TxRx.c Сесію 50 256  завершено. Код 1
18:16:19     a3TxRx.c Старт сесії 51
18:16:19     a3TxRx.c Варіант сесії 256
18:16:19     0x3 0x0000  30 ms, err 1
18:16:19     a3TxRx.c Сесію 51 256  завершено. Код 1
18:16:20     a3TxRx.c Старт сесії 52
18:16:20     a3TxRx.c Варіант сесії 256
18:16:20     0x3 0x0000  30 ms, err 1
18:16:20     a3TxRx.c Сесію 52 256  завершено. Код 1
18:16:21     a3TxRx.c Старт сесії 53
18:16:21     a3TxRx.c Варіант сесії 256
18:16:21     0x3 0x0000  30 ms, err 1
18:16:21     a3TxRx.c Сесію 53 256  завершено. Код 1
18:16:22     a3TxRx.c Старт сесії 54
18:16:22     a3TxRx.c Варіант сесії 256
18:16:22     0x3 0x0000  33 ms, err 1
18:16:22     a3TxRx.c Сесію 54 256  завершено. Код 1
18:16:23     a3TxRx.c Старт сесії 55
18:16:23     a3TxRx.c Варіант сесії 256
18:16:23     0x3 0x0000  30 ms, err 1
18:16:23     a3TxRx.c Сесію 55 256  завершено. Код 1
18:16:24     a3TxRx.c Старт сесії 56
18:16:24     a3TxRx.c Варіант сесії 256
18:16:24     0x3 0x0000  33 ms, err 1
18:16:24     a3TxRx.c Сесію 56 256  завершено. Код 1
18:16:25     a3TxRx.c Старт сесії 57
18:16:25     a3TxRx.c Варіант сесії 256
18:16:25     0x3 0x0000  33 ms, err 1
18:16:25     a3TxRx.c Сесію 57 256  завершено. Код 1
18:16:26     a3TxRx.c Старт сесії 58
18:16:26     a3TxRx.c Варіант сесії 256
18:16:26     0x3 0x0000  33 ms, err 1
18:16:26     a3TxRx.c Сесію 58 256  завершено. Код 1
18:16:27     a3TxRx.c Старт сесії 59
18:16:27     a3TxRx.c Варіант сесії 256
18:16:27     0x3 0x0000  30 ms, err 1
18:16:27     a3TxRx.c Сесію 59 256  завершено. Код 1
18:16:28     a3TxRx.c Старт сесії 60
18:16:28     a3TxRx.c Варіант сесії 256
18:16:28     0x3 0x0000  33 ms, err 1
18:16:28     a3TxRx.c Сесію 60 256  завершено. Код 1
18:16:29     a3TxRx.c Старт сесії 61
18:16:29     a3TxRx.c Варіант сесії 256
18:16:29     0x3 0x0000  33 ms, err 1
18:16:29     a3TxRx.c Сесію 61 256  завершено. Код 1
18:16:30     a3TxRx.c Старт сесії 62
18:16:30     a3TxRx.c Варіант сесії 256
18:16:30     0x3 0x0000  33 ms, err 1
18:16:30     a3TxRx.c Сесію 62 256  завершено. Код 1
18:16:31     a3TxRx.c Старт сесії 63
18:16:31     a3TxRx.c Варіант сесії 256
18:16:31     0x3 0x0000  30 ms, err 1
18:16:31     a3TxRx.c Сесію 63 256  завершено. Код 1
18:16:31     a3TxRx.c Старт сесії 64
18:16:31     a3TxRx.c Варіант сесії 16
18:16:31     0x10 0x0000  6 ms, err 1
18:16:31     a3TxRx.c Сесію 64 16  завершено. Код 1
18:16:31     a3TxRx.c Старт сесії 65
18:16:31     a3TxRx.c Варіант сесії 8021
18:16:33     0x6 0x0011  1002 ms, err 4
18:16:33     a3TxRx.c Сесію 65 8021  завершено. Код 4
18:16:33      a3_tk5z.c Отримано повідомлення про помилку Модбас 4
18:16:33     a3TxRx.c Старт сесії 66
18:16:33     a3TxRx.c Варіант сесії 8023
18:16:34     0x3 0x0000  1002 ms, err 4
18:16:34     a3TxRx.c Сесію 66 8023  завершено. Код 4
18:16:34      a3_tk5z.c Отримано повідомлення про помилку Модбас 4
18:16:34     a3TxRx.c Старт сесії 67
18:16:34     a3TxRx.c Варіант сесії 256
18:16:38     0x3 0x0000  3003 ms, err 4
18:16:38     a3TxRx.c Сесію 67 256  завершено. Код 4
18:16:38      a3_tk5z.c Отримано повідомлення про помилку Модбас 4
18:16:38     a3TxRx.c Старт сесії 68
18:16:38     a3TxRx
C:\Users\KozakVF\workspaseMW3\tkModbusWindows\LOGS_TK5\tk5log2020_02_20.log
=========================================================================================================


C:\Users\KozakVF\workspaseMW3\tkModbusWindows\LOGS_TK5\tk5log2020_02_20.log
=========================================================================================================


23:09:08     a3TxRx.c Старт сесії 1
23:09:08     a3TxRx.c Варіант сесії 435
23:09:08     0x11 0x0000  6 ms, err 1
23:09:08     a3TxRx.c Сесію 1 435  завершено. Код 1
23:09:08      a3_tk5z.c: Отримано тестову відповідь 1 від ТК5
23:09:08      a20_tk5.c: З обробника черги отримано відповідь про помилку тестового сеансу
23:09:08     a20_tk5.c: Реакція на відповідь 1 від ТК5. Виведено 'tk5', запущено таймер
23:09:08     a3TxRx.c Старт сесії 2
23:09:08     a3TxRx.c Варіант сесії 8013
23:09:08     0x3 0x0001  18 ms, err 1
23:09:08     a3TxRx.c Сесію 2 8013  завершено. Код 1
23:09:08     a3TxRx.c Старт сесії 3
23:09:08     a3TxRx.c Варіант сесії 8023
23:09:08     0x3 0x007B  18 ms, err 1
23:09:08     a3TxRx.c Сесію 3 8023  завершено. Код 1
23:09:11      a20_tk5.c: Стерто тестове повідомлення 
23:09:12     a3TxRx.c Старт сесії 4
23:09:12     a3TxRx.c Варіант сесії 8023
23:09:12     0x3 0x007B  18 ms, err 1
23:09:12     a3TxRx.c Сесію 4 8023  завершено. Код 1
23:11:05     a3TxRx.c Старт сесії 5
23:11:05     a3TxRx.c Варіант сесії 16
23:11:05     0x10 0x0000  6 ms, err 1
23:11:05     a3TxRx.c Сесію 5 16  завершено. Код 1
23:11:05     a3TxRx.c Старт сесії 6
23:11:05     a3TxRx.c Варіант сесії 8023
23:11:05     0x3 0x007B  18 ms, err 1
23:11:05     a3TxRx.c Сесію 6 8023  завершено. Код 1
23:11:10     a3TxRx.c Старт сесії 7
23:11:10     a3TxRx.c Варіант сесії 8023
23:11:10     0x3 0x007B  18 ms, err 1
23:11:10     a3TxRx.c Сесію 7 8023  завершено. Код 1
23:11:13     a3TxRx.c Старт сесії 8
23:11:13     a3TxRx.c Варіант сесії 8023
23:11:13     0x3 0x007B  18 ms, err 1
23:11:13     a3TxRx.c Сесію 8 8023  завершено. Код 1
23:11:23     a3TxRx.c Старт сесії 9
23:11:23     a3TxRx.c Варіант сесії 16
23:11:23     0x10 0x0000  6 ms, err 1
23:11:23     a3TxRx.c Сесію 9 16  завершено. Код 1
23:11:23     a3TxRx.c Старт сесії 10
23:11:23     a3TxRx.c Варіант сесії 8023
23:11:23     0x3 0x007B  18 ms, err 1
23:11:23     a3TxRx.c Сесію 10 8023  завершено. Код 1
23:11:26     a3TxRx.c Старт сесії 11
23:11:26     a3TxRx.c Варіант сесії 8023
23:11:26     0x3 0x007B  18 ms, err 1
23:11:26     a3TxRx.c Сесію 11 8023  завершено. Код 1



