
C:\Users\KozakVF\workspaseMW3\tkModbusWindows\LOGS_TK5\tk5log2020_02_21.log
=========================================================================================================


11:36:22     a3TxRx.c Старт сесії 1
11:36:22     a3TxRx.c Варіант сесії 8023
11:36:22     a3TxRx.c Сесію 1 8023  завершено. Код 15
11:36:22      a3_tk5z.c Отримано повідомлення про помилку Модбас 15
11:38:50     a3TxRx.c Старт сесії 2
11:38:50     a3TxRx.c Варіант сесії 8023
11:38:50     a3TxRx.c Сесію 2 8023  завершено. Код 15
11:38:50      a3_tk5z.c Отримано повідомлення про помилку Модбас 15
11:38:51     a3TxRx.c Старт сесії 3
11:38:51     a3TxRx.c Варіант сесії 8023
11:38:51     a3TxRx.c Сесію 3 8023  завершено. Код 15
11:38:51      a3_tk5z.c Отримано повідомлення про помилку Модбас 15
11:38:52     a3TxRx.c Старт сесії 4
11:38:52     a3TxRx.c Варіант сесії 8023
11:38:52     a3TxRx.c Сесію 4 8023  завершено. Код 15
11:38:52      a3_tk5z.c Отримано повідомлення про помилку Модбас 15
11:38:52     a3TxRx.c Старт сесії 5
11:38:52     a3TxRx.c Варіант сесії 8023
11:38:52     a3TxRx.c Сесію 5 8023  завершено. Код 15
11:38:52      a3_tk5z.c Отримано повідомлення про помилку Модбас 15
11:38:52     a3TxRx.c Старт сесії 6
11:38:52     a3TxRx.c Варіант сесії 8023
11:38:52     a3TxRx.c Сесію 6 8023  завершено. Код 15
11:38:52      a3_tk5z.c Отримано повідомлення про помилку Модбас 15
11:38:53     a3TxRx.c Старт сесії 7
11:38:53     a3TxRx.c Варіант сесії 8023
11:38:53     a3TxRx.c Сесію 7 8023  завершено. Код 15
11:38:53      a3_tk5z.c Отримано повідомлення про помилку Модбас 15
11:38:53     a3TxRx.c Старт сесії 8
11:38:53     a3TxRx.c Варіант сесії 8023
11:38:53     a3TxRx.c Сесію 8 8023  завершено. Код 15
11:38:53      a3_tk5z.c Отримано повідомлення про помилку Модбас 15
11:38:53     a3TxRx.c Старт сесії 9
11:38:53     a3TxRx.c Варіант сесії 8023
11:38:53     a3TxRx.c Сесію 9 8023  завершено. Код 15
11:38:53      a3_tk5z.c Отримано повідомлення про помилку Модбас 15
11:38:53     a3TxRx.c Старт сесії 10
11:38:53     a3TxRx.c Варіант сесії 8023
11:38:53     a3TxRx.c Сесію 10 8023  завершено. Код 15
11:38:53      a3_tk5z.c Отримано повідомлення про помилку Модбас 15
11:38:54     a3TxRx.c Старт сесії 11
11:38:54     a3TxRx.c Варіант сесії 8023
11:38:54     a3TxRx.c Сесію 11 8023  завершено. Код 15
11:38:54      a3_tk5z.c Отримано повідомлення про помилку Модбас 15
11:38:54     a3TxRx.c Старт сесії 12
11:38:54     a3TxRx.c Варіант сесії 8023
11:38:54     a3TxRx.c Сесію 12 8023  завершено. Код 15
11:38:54      a3_tk5z.c Отримано повідомлення про помилку Модбас 15
11:38:59     a3TxRx.c Старт сесії 13
11:38:59     a3TxRx.c Варіант сесії 8023
11:38:59     a3TxRx.c Сесію 13 8023  завершено. Код 15
11:38:59      a3_tk5z.c Отримано повідомлення про помилку Модбас 15
11:39:03     a3TxRx.c Старт сесії 14
11:39:03     a3TxRx.c Варіант сесії 16
11:39:03     a3TxRx.c Сесію 14 16  завершено. Код 15
11:39:03      a3_tk5z.c Отримано повідомлення про помилку Модбас 15
11:39:03     a3TxRx.c Старт сесії 15
11:39:03     a3TxRx.c Варіант сесії 8023
11:39:03     a3TxRx.c Сесію 15 8023  завершено. Код 15
11:39:03      a3_tk5z.c Отримано повідомлення про помилку Модбас 15
11:39:05     a3TxRx.c Старт сесії 16
11:39:05     a3TxRx.c Варіант сесії 8023
11:39:05     a3TxRx.c Сесію 16 8023  завершено. Код 15
11:39:05      a3_tk5z.c Отримано повідомлення про помилку Модбас 15
11:39:05     a3TxRx.c Старт сесії 17
11:39:05     a3TxRx.c Варіант сесії 8023
11:39:05     a3TxRx.c Сесію 17 8023  завершено. Код 15
11:39:05      a3_tk5z.c Отримано повідомлення про помилку Модбас 15
11:39:05     a3TxRx.c Старт сесії 18
11:39:05     a3TxRx.c Варіант сесії 8023
11:39:05     a3TxRx.c Сесію 18 8023  завершено. Код 15
11:39:05      a3_tk5z.c Отримано повідомлення про помилку Модбас 15
11:39:05     a3TxRx.c Старт сесії 19
11:39:05     a3TxRx.c Варіант сесії 8023
11:39:05     a3TxRx.c Сесію 19 8023  завершено. Код 15
11:39:05      a3_tk5z.c Отримано повідомлення про помилку Модбас 15
11:39:19     a3TxRx.c Старт сесії 20
11:39:19     a3TxRx.c Варіант сесії 8023
11:39:19     a3TxRx.c Сесію 20 8023  завершено. Код 15
11:39:19      a3_tk5z.c Отримано повідомлення про помилку Модбас 15
11:39:20     a3TxRx.c Старт сесії 21
11:39:20     a3TxRx.c Варіант сесії 8023
11:39:20     a3TxRx.c Сесію 21 8023  завершено. Код 15
11:39:20      a3_tk5z.c Отримано повідомлення про помилку Модбас 15
11:39:21     a3TxRx.c Старт сесії 22
11:39:21     a3TxRx.c Варіант сесії 8023
11:39:21     a3TxRx.c Сесію 22 8023  завершено. Код 15
11:39:21      a3_tk5z.c Отримано повідомлення про помилку Модбас 15
11:39:21     a3TxRx.c Старт сесії 23
11:39:21     a3TxRx.c Варіант сесії 8023
11:39:21     a3TxRx.c Сесію 23 8023  завершено. Код 15
11:39:21      a3_tk5z.c Отримано повідомлення про помилку Модбас 15
11:39:21     a3TxRx.c Старт сесії 24
11:39:21     a3TxRx.c Варіант сесії 8023
11:39:21     a3TxRx.c Сесію 24 8023  завершено. Код 15
11:39:21      a3_tk5z.c Отримано повідомлення про помилку Модбас 15
11:39:21     a3TxRx.c Старт сесії 25
11:39:21     a3TxRx.c Варіант сесії 8023
11:39:21     a3TxRx.c Сесію 25 8023  завершено. Код 15
11:39:21      a3_tk5z.c Отримано повідомлення про помилку Модбас 15
11:39:21     a3TxRx.c Старт сесії 26
11:39:21     a3TxRx.c Варіант сесії 8023
11:39:21     a3TxRx.c Сесію 26 8023  завершено. Код 15
11:39:21      a3_tk5z.c Отримано повідомлення про помилку Модбас 15
11:39:22     a3TxRx.c Старт сесії 27
11:39:22     a3TxRx.c Варіант сесії 8023
11:39:22     a3TxRx.c Сесію 27 8023  завершено. Код 15
11:39:22      a3_tk5z.c Отримано повідомлення про помилку Модбас 15
11:39:22     a3TxRx.c Старт сесії 28
11:39:22     a3TxRx.c Варіант сесії 8023
11:39:22     a3TxRx.c Сесію 28 8023  завершено. Код 15
11:39:22      a3_tk5z.c Отримано повідомлення про помилку Модбас 15
11:39:22     a3TxRx.c Старт сесії 29
11:39:22     a3TxRx.c Варіант сесії 8023
11:39:22     a3TxRx.c Сесію 29 8023  завершено. Код 15
11:39:22      a3_tk5z.c Отримано повідомлення про помилку Модбас 15
11:39:22     a3TxRx.c Старт сесії 30
11:39:22     a3TxRx.c Варіант сесії 8023
11:39:22     a3TxRx.c Сесію 30 8023  завершено. Код 15
11:39:22      a3_tk5z.c Отримано повідомлення про помилку Модбас 15
11:39:22     a3TxRx.c Старт сесії 31
11:39:22     a3TxRx.c Варіант сесії 8023
11:39:22     a3TxRx.c Сесію 31 8023  завершено. Код 15
11:39:22      a3_tk5z.c Отримано повідомлення про помилку Модбас 15
11:39:23     a3TxRx.c Старт сесії 32
11:39:23     a3TxRx.c Варіант сесії 8023
11:39:23     a3TxRx.c Сесію 32 8023  завершено. Код 15
11:39:23      a3_tk5z.c Отримано повідомлення про помилку Модбас 15
11:39:23     a3TxRx.c Старт сесії 33
11:39:23     a3TxRx.c Варіант сесії 8023
11:39:23     a3TxRx.c Сесію 33 8023  завершено. Код 15
11:39:23      a3_tk5z.c Отримано повідомлення про помилку Модбас 15
11:39:23     a3TxRx.c Старт сесії 34
11:39:23     a3TxRx.c Варіант сесії 8023
11:39:23     a3TxRx.c Сесію 34 8023  завершено. Код 15
11:39:23      a3_tk5z.c Отримано повідомлення про помилку Модбас 15
11:39:33     a3TxRx.c Старт сесії 35
11:39:33     a3TxRx.c Варіант сесії 8023
11:39:33     a3TxRx.c Сесію 35 8023  завершено. Код 15
11:39:33      a3_tk5z.c Отримано повідомлення про помилку Модбас 15
11:39:34     a3TxRx.c Старт сесії 36
11:39:34     a3TxRx.c Варіант сесії 8023
11:39:34     a3TxRx.c Сесію 36 8023  завершено. Код 15
11:39:34      a3_tk5z.c Отримано повідомлення про помилку Модбас 15
11:39:34     a3TxRx.c Старт сесії 37
11:39:34     a3TxRx.c Варіант сесії 8023
11:39:34     a3TxRx.c Сесію 37 8023  завершено. Код 15
11:39:34      a3_tk5z.c Отримано повідомлення про помилку Модбас 15
11:39:35     a3TxRx.c Старт сесії 38
11:39:35     a3TxRx.c Варіант сесії 8023
11:39:35     a3TxRx.c Сесію 38 8023  завершено. Код 15
11:39:35      a3_tk5z.c Отримано повідомлення про помилку Модбас 15
11:39:35     a3TxRx.c Старт сесії 39
11:39:35     a3TxRx.c Варіант сесії 8023
11:39:35     a3TxRx.c Сесію 39 8023  завершено. Код 15
11:39:35      a3_tk5z.c Отримано повідомлення про помилку Модбас 15
11:39:35     a3TxRx.c Старт сесії 40
11:39:35     a3TxRx.c Варіант сесії 8023
11:39:35     a3TxRx.c Сесію 40 8023  завершено. Код 15
11:39:35      a3_tk5z.c Отримано повідомлення про помилку Модбас 15
11:39:35     a3TxRx.c Старт сесії 41
11:39:35     a3TxRx.c Варіант сесії 8023
11:39:35     a3TxRx.c Сесію 41 8023  завершено. Код 15
11:39:35      a3_tk5z.c Отримано повідомлення про помилку Модбас 15
11:39:36     a3TxRx.c Старт сесії 42
11:39:36     a3TxRx.c Варіант сесії 8023
11:39:36     a3TxRx.c Сесію 42 8023  завершено. Код 15
11:39:36      a3_tk5z.c Отримано повідомлення про помилку Модбас 15
11:39:36     a3TxRx.c Старт сесії 43
11:39:36     a3TxRx.c Варіант сесії 8023
11:39:36     a3TxRx.c Сесію 43 8023  завершено. Код 15
11:39:36      a3_tk5z.c Отримано повідомлення про помилку Модбас 15
11:39:36     a3TxRx.c Старт сесії 44
11:39:36     a3TxRx.c Варіант сесії 8023
11:39:36     a3TxRx.c Сесію 44 8023  завершено. Код 15
11:39:36      a3_tk5z.c Отримано повідомлення про помилку Модбас 15
11:39:36     a3TxRx.c Старт сесії 45
11:39:36     a3TxRx.c Варіант сесії 8023
11:39:36     a3TxRx.c Сесію 45 8023  завершено. Код 15
11:39:36      a3_tk5z.c Отримано повідомлення про помилку Модбас 15
11:39:36     a3TxRx.c Старт сесії 46
11:39:36     a3TxRx.c Варіант сесії 8023
11:39:36     a3TxRx.c Сесію 46 8023  завершено. Код 15
11:39:36      a3_tk5z.c Отримано повідомлення про помилку Модбас 15
11:39:37     a3TxRx.c Старт сесії 47
11:39:37     a3TxRx.c Варіант сесії 8023
11:39:37     a3TxRx.c Сесію 47 8023  завершено. Код 15
11:39:37      a3_tk5z.c Отримано повідомлення про помилку Модбас 15
11:39:37     a3TxRx.c Старт сесії 48
11:39:37     a3TxRx.c Варіант сесії 8023
11:39:37     a3TxRx.c Сесію 48 8023  завершено. Код 15
11:39:37      a3_tk5z.c Отримано повідомлення про помилку Модбас 15
11:39:37     a3TxRx.c Старт сесії 49
11:39:37     a3TxRx.c Варіант сесії 8023
11:39:37     a3TxRx.c Сесію 49 8023  завершено. Код 15
11:39:37      a3_tk5z.c Отримано повідомлення про помилку Модбас 15
11:39:37     a3TxRx.c Старт сесії 50
11:39:37     a3TxRx.c Варіант сесії 8023
11:39:37     a3TxRx.c Сесію 50 8023  завершено. Код 15
11:39:37      a3_tk5z.c Отримано повідомлення про помилку Модбас 15
11:39:37     a3TxRx.c Старт сесії 51
11:39:37     a3TxRx.c Варіант сесії 8023
11:39:37     a3TxRx.c Сесію 51 8023  завершено. Код 15
11:39:37      a3_tk5z.c Отримано повідомлення про помилку Модбас 15
11:39:38     a3TxRx.c Старт сесії 52
11:39:38     a3TxRx.c Варіант сесії 8023
11:39:38     a3TxRx.c Сесію 52 8023  завершено. Код 15
11:39:38      a3_tk5z.c Отримано повідомлення про помилку Модбас 15
11:39:38     a3TxRx.c Старт сесії 53
11:39:38     a3TxRx.c Варіант сесії 8023
11:39:38     a3TxRx.c Сесію 53 8023  завершено. Код 15
11:39:38      a3_tk5z.c Отримано повідомлення про помилку Модбас 15
11:39:38     a3TxRx.c Старт сесії 54
11:39:38     a3TxRx.c Варіант сесії 8023
11:39:38     a3TxRx.c Сесію 54 8023  завершено. Код 15
11:39:38      a3_tk5z.c Отримано повідомлення про помилку Модбас 15
11:39:38     a3TxRx.c Старт сесії 55
11:39:38     a3TxRx.c Варіант сесії 8023
11:39:38     a3TxRx.c Сесію 55 8023  завершено. Код 15
11:39:38      a3_tk5z.c Отримано повідомлення про помилку Модбас 15
11:39:38     a3TxRx.c Старт сесії 56
11:39:38     a3TxRx.c Варіант сесії 8023
11:39:38     a3TxRx.c Сесію 56 8023  завершено. Код 15
11:39:38      a3_tk5z.c Отримано повідомлення про помилку Модбас 15
11:39:39     a3TxRx.c Старт сесії 57
11:39:39     a3TxRx.c Варіант сесії 8023
11:39:39     a3TxRx.c Сесію 57 8023  завершено. Код 15
11:39:39      a3_tk5z.c Отримано повідомлення про помилку Модбас 15
11:39:39     a3TxRx.c Старт сесії 58
11:39:39     a3TxRx.c Варіант сесії 8023
11:39:39     a3TxRx.c Сесію 58 8023  завершено. Код 15
11:39:39      a3_tk5z.c Отримано повідомлення про помилку Модбас 15
11:39:39     a3TxRx.c Старт сесії 59
11:39:39     a3TxRx.c Варіант сесії 8023
11:39:39     a3TxRx.c Сесію 59 8023  завершено. Код 15
11:39:39      a3_tk5z.c Отримано повідомлення про помилку Модбас 15
11:39:40     a3TxRx.c Старт сесії 60
11:39:40     a3TxRx.c Варіант сесії 8023
11:39:40     a3TxRx.c Сесію 60 8023  завершено. Код 15
11:39:40      a3_tk5z.c Отримано повідомлення про помилку Модбас 15
11:39:40     a3TxRx.c Старт сесії 61
11:39:40     a3TxRx.c Варіант сесії 8023
11:39:40     a3TxRx.c Сесію 61 8023  завершено. Код 15
11:39:40      a3_tk5z.c Отримано повідомлення про помилку Модбас 15
11:39:40     a3TxRx.c Старт сесії 62
11:39:40     a3TxRx.c Варіант сесії 8023
11:39:40     a3TxRx.c Сесію 62 8023  завершено. Код 15
11:39:40      a3_tk5z.c Отримано повідомлення про помилку Модбас 15
11:39:40     a3TxRx.c Старт сесії 63
11:39:40     a3TxRx.c Варіант сесії 8023
11:39:40     a3TxRx.c Сесію 63 8023  завершено. Код 15
11:39:40      a3_tk5z.c Отримано повідомлення про помилку Модбас 15
11:39:41     a3TxRx.c Старт сесії 64
11:39:41     a3TxRx.c Варіант сесії 8023
11:39:41     a3TxRx.c Сесію 64 8023  завершено. Код 15
11:39:41      a3_tk5z.c Отримано повідомлення про помилку Модбас 15
11:39:41     a3TxRx.c Старт сесії 65
11:39:41     a3TxRx.c Варіант сесії 8023
11:39:41     a3TxRx.c Сесію 65 8023  завершено. Код 15
11:39:41      a3_tk5z.c Отримано повідомлення про помилку Модбас 15
11:39:41     a3TxRx.c Старт сесії 66
11:39:41     a3TxRx.c Варіант сесії 8023
11:39:41     a3TxRx.c Сесію 66 8023  завершено. Код 15
11:39:41      a3_tk5z.c Отримано повідомлення про помилку Модбас 15
11:39:41     a3TxRx.c Старт сесії 67
11:39:41     a3TxRx.c Варіант сесії 8023
11:39:41     a3TxRx.c Сесію 67 8023  завершено. Код 15
11:39:41      a3_tk5z.c Отримано повідомлення про помилку Модбас 15
11:39:42     a3TxRx.c Старт сесії 68
11:39:42     a3TxRx.c Варіант сесії 8023
11:39:42     a3TxRx.c Сесію 68 8023  завершено. Код 15
11:39:42      a3_tk5z.c Отримано повідомлення про помилку Модбас 15
11:39:48     a3TxRx.c Старт сесії 69
11:39:48     a3TxRx.c Варіант сесії 435
11:39:48     a3TxRx.c Сесію 69 435  завершено. Код 15
11:39:48      a3_tk5z.c Отримано повідомлення про помилку Модбас 15
11:39:48      a20_tk5.c: З обробника черги отримано відповідь про помилку тестового сеансу
11:39:48     a20_tk5.c: Реакція на відповідь 1 від ТК5. Виведено 'tk5', запущено таймер
11:39:48     a3TxRx.c Старт сесії 70
11:39:48     a3TxRx.c Варіант сесії 8013
11:39:48     a3TxRx.c Сесію 70 8013  завершено. Код 15
11:39:48      a3_tk5z.c Отримано повідомлення про помилку Модбас 15
11:39:48     a3TxRx.c Старт сесії 71
11:39:48     a3TxRx.c Варіант сесії 8023
11:39:48     a3TxRx.c Сесію 71 8023  завершено. Код 15
11:39:48      a3_tk5z.c Отримано повідомлення про помилку Модбас 15
11:39:51      a20_tk5.c: Стерто тестове повідомлення 
11:39:58     a3TxRx.c Старт сесії 72
11:39:58     a3TxRx.c Варіант сесії 435
11:39:58     0x11 0x0000  6 ms, err 1
11:39:58     a3TxRx.c Сесію 72 435  завершено. Код 1
11:39:58      a3_tk5z.c: Отримано тестову відповідь 1 від ТК5
11:39:58      a20_tk5.c: З обробника черги отримано відповідь про помилку тестового сеансу
11:39:58     a20_tk5.c: Реакція на відповідь 2 від ТК5. Виведено 'tk5', запущено таймер
11:39:58     a3TxRx.c Старт сесії 73
11:39:58     a3TxRx.c Варіант сесії 8013
11:39:58     0x3 0x0001  18 ms, err 1
11:39:58     a3TxRx.c Сесію 73 8013  завершено. Код 1
11:39:58     a3TxRx.c Старт сесії 74
11:39:58     a3TxRx.c Варіант сесії 8023
11:39:58     0x3 0x007B  18 ms, err 1
11:39:58     a3TxRx.c Сесію 74 8023  завершено. Код 1
11:40:01      a20_tk5.c: Стерто тестове повідомлення 
11:40:02     a3TxRx.c Старт сесії 75
11:40:02     a3TxRx.c Варіант сесії 8023
11:40:02     0x3 0x007B  18 ms, err 1
11:40:02     a3TxRx.c Сесію 75 8023  завершено. Код 1
11:40:04     a3TxRx.c Старт сесії 76
11:40:04     a3TxRx.c Варіант сесії 8023
11:40:04     0x3 0x007B  18 ms, err 1
11:40:04     a3TxRx.c Сесію 76 8023  завершено. Код 1
11:40:09     a3TxRx.c Старт сесії 77
11:40:09     a3TxRx.c Варіант сесії 16
11:40:09     0x10 0x0000  6 ms, err 1
11:40:09     a3TxRx.c Сесію 77 16  завершено. Код 1
11:40:09     a3TxRx.c Старт сесії 78
11:40:09     a3TxRx.c Варіант сесії 8023
11:40:09     0x3 0x007B  18 ms, err 1
11:40:09     a3TxRx.c Сесію 78 8023  завершено. Код 1
11:40:12     a3TxRx.c Старт сесії 79
11:40:12     a3TxRx.c Варіант сесії 16
11:40:12     0x10 0x0000  6 ms, err 1
11:40:12     a3TxRx.c Сесію 79 16  завершено. Код 1
11:40:12     a3TxRx.c Старт сесії 80
11:40:12     a3TxRx.c Варіант сесії 8023
11:40:12     0x3 0x007B  18 ms, err 1
11:40:12     a3TxRx.c Сесію 80 8023  завершено. Код 1
11:40:17     a3TxRx.c Старт сесії 81
11:40:17     a3TxRx.c Варіант сесії 16
11:40:17     0x10 0x0000  6 ms, err 1
11:40:17     a3TxRx.c Сесію 81 16  завершено. Код 1
11:40:17     a3TxRx.c Старт сесії 82
11:40:17     a3TxRx.c Варіант сесії 8023
11:40:17     0x3 0x007B  18 ms, err 1
11:40:17     a3TxRx.c Сесію 82 8023  завершено. Код 1
11:40:23     a3TxRx.c Старт сесії 83
11:40:23     a3TxRx.c Варіант сесії 16
11:40:23     0x10 0x0000  6 ms, err 1
11:40:23     a3TxRx.c Сесію 83 16  завершено. Код 1
11:40:23     a3TxRx.c Старт сесії 84
11:40:23     a3TxRx.c Варіант сесії 8023
11:40:23     0x3 0x007B  18 ms, err 1
11:40:23     a3TxRx.c Сесію 84 8023  завершено. Код 1
11:40:28     a3TxRx.c Старт сесії 85
11:40:28     a3TxRx.c Варіант сесії 16
11:40:28     0x10 0x0000  6 ms, err 1
11:40:28     a3TxRx.c Сесію 85 16  завершено. Код 1
11:40:28     a3TxRx.c Старт сесії 86
11:40:28     a3TxRx.c Варіант сесії 8023
11:40:29     0x3 0x007B  18 ms, err 1
11:40:29     a3TxRx.c Сесію 86 8023  завершено. Код 1
11:40:39     a3TxRx.c Старт сесії 87
11:40:39     a3TxRx.c Варіант сесії 16
11:40:39     0x10 0x0000  6 ms, err 1
11:40:39     a3TxRx.c Сесію 87 16  завершено. Код 1
11:40:39     a3TxRx.c Старт сесії 88
11:40:39     a3TxRx.c Варіант сесії 8023
11:40:39     0x3 0x007B  18 ms, err 1
11:40:39     a3TxRx.c Сесію 88 8023  завершено. Код 1
11:40:41     a3TxRx.c Старт сесії 89
11:40:41     a3TxRx.c Варіант сесії 16
11:40:41     0x10 0x0000  6 ms, err 1
11:40:41     a3TxRx.c Сесію 89 16  завершено. Код 1
11:40:41     a3TxRx.c Старт сесії 90
11:40:41     a3TxRx.c Варіант сесії 8023
11:40:41     0x3 0x007B  18 ms, err 1
11:40:41     a3TxRx.c Сесію 90 8023  завершено. Код 1
11:40:43     a3TxRx.c Старт сесії 91
11:40:43     a3TxRx.c Варіант сесії 8023
11:40:43     0x3 0x007B  18 ms, err 1
11:40:43     a3TxRx.c Сесію 91 8023  завершено. Код 1
11:40:44     a3TxRx.c Старт сесії 92
11:40:44     a3TxRx.c Варіант сесії 16
11:40:44     0x10 0x0000  6 ms, err 1
11:40:44     a3TxRx.c Сесію 92 16  завершено. Код 1
11:40:44     a3TxRx.c Старт сесії 93
11:40:44     a3TxRx.c Варіант сесії 8023
11:40:44     0x3 0x007B  18 ms, err 1
11:40:44     a3TxRx.c Сесію 93 8023  завершено. Код 1
11:43:26     a3TxRx.c Старт сесії 94
11:43:26     a3TxRx.c Варіант сесії 16
11:43:26     0x10 0x0000  6 ms, err 1
11:43:26     a3TxRx.c Сесію 94 16  завершено. Код 1
11:43:26     a3TxRx.c Старт сесії 95
11:43:26     a3TxRx.c Варіант сесії 8023
11:43:26     0x3 0x007B  18 ms, err 1
11:43:26     a3TxRx.c Сесію 95 8023  завершено. Код 1
11:46:20     a3TxRx.c Старт сесії 96
11:46:20     a3TxRx.c Варіант сесії 16
11:46:20     0x10 0x0000  6 ms, err 1
11:46:20     a3TxRx.c Сесію 96 16  завершено. Код 1
11:46:20     a3TxRx.c Старт сесії 97
11:46:20     a3TxRx.c Варіант сесії 8023
11:46:20     0x3 0x007B  18 ms, err 1
11:46:20     a3TxRx.c Сесію 97 8023  завершено. Код 1
11:47:00     a3TxRx.c Старт сесії 98
11:47:00     a3TxRx.c Варіант сесії 16
11:47:00     0x10 0x0000  6 ms, err 1
11:47:00     a3TxRx.c Сесію 98 16  завершено. Код 1
11:47:00     a3TxRx.c Старт сесії 99
11:47:00     a3TxRx.c Варіант сесії 8023
11:47:00     0x3 0x007B  21 ms, err 1
11:47:00     a3TxRx.c Сесію 99 8023  завершено. Код 1
11:47:45     a3TxRx.c Старт сесії 100
11:47:45     a3TxRx.c Варіант сесії 16
11:47:45     0x10 0x0000  6 ms, err 1
11:47:45     a3TxRx.c Сесію 100 16  завершено. Код 1
11:47:45     a3TxRx.c Старт сесії 101
11:47:45     a3TxRx.c Варіант сесії 8023
11:47:46     0x3 0x0000  1002 ms, err 4
11:47:46     a3TxRx.c Сесію 101 8023  завершено. Код 4
11:47:46      a3_tk5z.c Отримано повідомлення про помилку Модбас 4
11:49:39     a3TxRx.c Старт сесії 102
11:49:39     a3TxRx.c Варіант сесії 8023
11:49:40     0x3 0x0000  1002 ms, err 4
11:49:40     a3TxRx.c Сесію 102 8023  завершено. Код 4
11:49:40      a3_tk5z.c Отримано повідомлення про помилку Модбас 4
11:49:58     a3TxRx.c Старт сесії 103
11:49:58     a3TxRx.c Варіант сесії 8023
11:49:59     0x3 0x0000  1002 ms, err 4
11:49:59     a3TxRx.c Сесію 103 8023  завершено. Код 4
11:49:59      a3_tk5z.c Отримано повідомлення про помилку Модбас 4
11:50:14     a3TxRx.c Старт сесії 104
11:50:14     a3TxRx.c Варіант сесії 8023
11:50:14     0x3 0x007B  18 ms, err 1
11:50:14     a3TxRx.c Сесію 104 8023  завершено. Код 1
11:50:48     a3TxRx.c Старт сесії 105
11:50:48     a3TxRx.c Варіант сесії 8023
11:50:48     0x3 0x007B  18 ms, err 1
11:50:48     a3TxRx.c Сесію 105 8023  завершено. Код 1
11:51:03     a3TxRx.c Старт сесії 106
11:51:03     a3TxRx.c Варіант сесії 16
11:51:05     0x10 0x0000  1002 ms, err 4
11:51:05     a3TxRx.c Сесію 106 16  завершено. Код 4
11:51:05      a3_tk5z.c Отримано повідомлення про помилку Модбас 4
11:51:05     a3TxRx.c Старт сесії 107
11:51:05     a3TxRx.c Варіант сесії 8023
11:51:06     0x3 0x0000  1002 ms, err 4
11:51:06     a3TxRx.c Сесію 107 8023  завершено. Код 4
11:51:06      a3_tk5z.c Отримано повідомлення про помилку Модбас 4
11:57:15     a3TxRx.c Старт сесії 108
11:57:15     a3TxRx.c Варіант сесії 16
11:57:16     0x10 0x0000  1002 ms, err 4
11:57:16     a3TxRx.c Сесію 108 16  завершено. Код 4
11:57:16      a3_tk5z.c Отримано повідомлення про помилку Модбас 4
11:57:16     a3TxRx.c Старт сесії 109
11:57:16     a3TxRx.c Варіант сесії 8023
11:57:17     0x3 0x0000  1002 ms, err 4
11:57:17     a3TxRx.c Сесію 109 8023  завершено. Код 4
11:57:17      a3_tk5z.c Отримано повідомлення про помилку Модбас 4
11:59:23     a3TxRx.c Старт сесії 110
11:59:23     a3TxRx.c Варіант сесії 16
11:59:24     0x10 0x0000  1002 ms, err 4
11:59:24     a3TxRx.c Сесію 110 16  завершено. Код 4
11:59:24      a3_tk5z.c Отримано повідомлення про помилку Модбас 4
11:59:24     a3TxRx.c Старт сесії 111
11:59:24     a3TxRx.c Варіант сесії 8023
11:59:26     0x3 0x0000  1002 ms, err 4
11:59:26     a3TxRx.c Сесію 111 8023  завершено. Код 4
11:59:26      a3_tk5z.c Отримано повідомлення про помилку Модбас 4
12:02:14     a3TxRx.c Старт сесії 112
12:02:14     a3TxRx.c Варіант сесії 8023
12:02:15     0x3 0x0000  1002 ms, err 4
12:02:15     a3TxRx.c Сесію 112 8023  завершено. Код 4
12:02:15      a3_tk5z.c Отримано повідомлення про помилку Модбас 4
12:02:17     a3TxRx.c Старт сесії 113
12:02:17     a3TxRx.c Варіант сесії 8023
12:02:18     0x3 0x0000  1002 ms, err 4
12:02:18     a3TxRx.c Сесію 113 8023  завершено. Код 4
12:02:18      a3_tk5z.c Отримано повідомлення про помилку Модбас 4
12:02:28     a3TxRx.c Старт сесії 114
12:02:28     a3TxRx.c Варіант сесії 8023
12:02:28     0x3 0x007B  18 ms, err 1
12:02:28     a3TxRx.c Сесію 114 8023  завершено. Код 1
12:02:31     a3TxRx.c Старт сесії 115
12:02:31     a3TxRx.c Варіант сесії 8023
12:02:31     0x3 0x007B  18 ms, err 1
12:02:31     a3TxRx.c Сесію 115 8023  завершено. Код 1
12:02:47     a3TxRx.c Старт сесії 116
12:02:47     a3TxRx.c Варіант сесії 8023
12:02:47     0x3 0x007B  18 ms, err 1
12:02:47     a3TxRx.c Сесію 116 8023  завершено. Код 1
12:02:47     a3TxRx.c Старт сесії 117
12:02:47     a3TxRx.c Варіант сесії 8023
12:02:47     0x3 0x007B  18 ms, err 1
12:02:47     a3TxRx.c Сесію 117 8023  завершено. Код 1
12:02:47     a3TxRx.c Старт сесії 118
12:02:47     a3TxRx.c Варіант сесії 8023
12:02:47     0x3 0x007B  18 ms, err 1
12:02:47     a3TxRx.c Сесію 118 8023  завершено. Код 1
12:02:48     a3TxRx.c Старт сесії 119
12:02:48     a3TxRx.c Варіант сесії 8023
12:02:48     0x3 0x007B  18 ms, err 1
12:02:48     a3TxRx.c Сесію 119 8023  завершено. Код 1
12:02:48     a3TxRx.c Старт сесії 120
12:02:48     a3TxRx.c Варіант сесії 8023
12:02:48     0x3 0x007B  18 ms, err 1
12:02:48     a3TxRx.c Сесію 120 8023  завершено. Код 1
12:02:48     a3TxRx.c Старт сесії 121
12:02:48     a3TxRx.c Варіант сесії 8023
12:02:48     0x3 0x007B  18 ms, err 1
12:02:48     a3TxRx.c Сесію 121 8023  завершено. Код 1
12:02:48     a3TxRx.c Старт сесії 122
12:02:48     a3TxRx.c Варіант сесії 8023
12:02:48     0x3 0x007B  18 ms, err 1
12:02:48     a3TxRx.c Сесію 122 8023  завершено. Код 1
12:02:48     a3TxRx.c Старт сесії 123
12:02:48     a3TxRx.c Варіант сесії 8023
12:02:48     0x3 0x007B  18 ms, err 1
12:02:48     a3TxRx.c Сесію 123 8023  завершено. Код 1
12:02:48     a3TxRx.c Старт сесії 124
12:02:48     a3TxRx.c Варіант сесії 8023
12:02:48     0x3 0x007B  18 ms, err 1
12:02:48     a3TxRx.c Сесію 124 8023  завершено. Код 1
12:02:49     a3TxRx.c Старт сесії 125
12:02:49     a3TxRx.c Варіант сесії 8023
12:02:49     0x3 0x007B  18 ms, err 1
12:02:49     a3TxRx.c Сесію 125 8023  завершено. Код 1
12:21:09     a3TxRx.c Старт сесії 126
12:21:09     a3TxRx.c Варіант сесії 8023
12:21:09     0x3 0x007B  18 ms, err 1
12:21:09     a3TxRx.c Сесію 126 8023  завершено. Код 1
12:21:10     a3TxRx.c Старт сесії 127
12:21:10     a3TxRx.c Варіант сесії 8023
12:21:10     0x3 0x007B  18 ms, err 1
12:21:10     a3TxRx.c Сесію 127 8023  завершено. Код 1
12:21:12     a3TxRx.c Старт сесії 128
12:21:12     a3TxRx.c Варіант сесії 8023
12:21:12     0x3 0x007B  18 ms, err 1
12:21:12     a3TxRx.c Сесію 128 8023  завершено. Код 1
12:21:38     a3TxRx.c Старт сесії 129
12:21:38     a3TxRx.c Варіант сесії 16
12:21:39     0x10 0x0000  1002 ms, err 4
12:21:39     a3TxRx.c Сесію 129 16  завершено. Код 4
12:21:39      a3_tk5z.c Отримано повідомлення про помилку Модбас 4
12:21:39     a3TxRx.c Старт сесії 130
12:21:39     a3TxRx.c Варіант сесії 8023
12:21:40     0x3 0x0000  1002 ms, err 4
12:21:40     a3TxRx.c Сесію 130 8023  завершено. Код 4
12:21:40      a3_tk5z.c Отримано повідомлення про помилку Модбас 4
12:22:14     a3TxRx.c Старт сесії 131
12:22:14     a3TxRx.c Варіант сесії 16
12:22:16     0x10 0x0000  1002 ms, err 4
12:22:16     a3TxRx.c Сесію 131 16  завершено. Код 4
12:22:16      a3_tk5z.c Отримано повідомлення про помилку Модбас 4
12:22:16     a3TxRx.c Старт сесії 132
12:22:16     a3TxRx.c Варіант сесії 8023
12:22:17     0x3 0x0000  1002 ms, err 4
12:22:17     a3TxRx.c Сесію 132 8023  завершено. Код 4
12:22:17      a3_tk5z.c Отримано повідомлення про помилку Модбас 4
12:22:17     a3TxRx.c Старт сесії 133
12:22:17     a3TxRx.c Варіант сесії 8023
12:22:18     0x3 0x0000  1002 ms, err 4
12:22:18     a3TxRx.c Сесію 133 8023  завершено. Код 4
12:22:18      a3_tk5z.c Отримано повідомлення про помилку Модбас 4
12:22:19     a3TxRx.c Старт сесії 134
12:22:19     a3TxRx.c Варіант сесії 8023
12:22:20     0x3 0x0000  1002 ms, err 4
12:22:20     a3TxRx.c Сесію 134 8023  завершено. Код 4
12:22:20      a3_tk5z.c Отримано повідомлення про помилку Модбас 4
12:22:26     a3TxRx.c Старт сесії 135
12:22:26     a3TxRx.c Варіант сесії 16
12:22:26     0x10 0x0000  213 ms, err 1
12:22:26     a3TxRx.c Сесію 135 16  завершено. Код 1
12:22:26     a3TxRx.c Старт сесії 136
12:22:26     a3TxRx.c Варіант сесії 8023
12:22:27     0x3 0x0000  1002 ms, err 4
12:22:27     a3TxRx.c Сесію 136 8023  завершено. Код 4
12:22:27      a3_tk5z.c Отримано повідомлення про помилку Модбас 4
12:22:30     a3TxRx.c Старт сесії 137
12:22:30     a3TxRx.c Варіант сесії 8023
12:22:30     0x3 0x007B  18 ms, err 1
12:22:30     a3TxRx.c Сесію 137 8023  завершено. Код 1
12:22:31     a3TxRx.c Старт сесії 138
12:22:31     a3TxRx.c Варіант сесії 8023
12:22:31     0x3 0x007B  18 ms, err 1
12:22:31     a3TxRx.c Сесію 138 8023  завершено. Код 1
12:22:31     a3TxRx.c Старт сесії 139
12:22:31     a3TxRx.c Варіант сесії 8023
12:22:31     0x3 0x007B  21 ms, err 1
12:22:31     a3TxRx.c Сесію 139 8023  завершено. Код 1
12:22:31     a3TxRx.c Старт сесії 140
12:22:31     a3TxRx.c Варіант сесії 8023
12:22:31     0x3 0x007B  18 ms, err 1
12:22:31     a3TxRx.c Сесію 140 8023  завершено. Код 1
12:22:35     a3TxRx.c Старт сесії 141
12:22:35     a3TxRx.c Варіант сесії 16
12:22:37     0x10 0x0000  1002 ms, err 4
12:22:37     a3TxRx.c Сесію 141 16  завершено. Код 4
12:22:37      a3_tk5z.c Отримано повідомлення про помилку Модбас 4
12:22:37     a3TxRx.c Старт сесії 142
12:22:37     a3TxRx.c Варіант сесії 8023
12:22:38     0x3 0x0000  1002 ms, err 4
12:22:38     a3TxRx.c Сесію 142 8023  завершено. Код 4
12:22:38      a3_tk5z.c Отримано повідомлення про помилку Модбас 4
12:22:38     a3TxRx.c Старт сесії 143
12:22:38     a3TxRx.c Варіант сесії 8023
12:22:39     0x3 0x0000  1002 ms, err 4
12:22:39     a3TxRx.c Сесію 143 8023  завершено. Код 4
12:22:39      a3_tk5z.c Отримано повідомлення про помилку Модбас 4
12:22:39     a3TxRx.c Старт сесії 144
12:22:39     a3TxRx.c Варіант сесії 8023
12:22:41     0x3 0x0000  1002 ms, err 4
12:22:41     a3TxRx.c Сесію 144 8023  завершено. Код 4
12:22:41      a3_tk5z.c Отримано повідомлення про помилку Модбас 4
12:22:41     a3TxRx.c Старт сесії 145
12:22:41     a3TxRx.c Варіант сесії 8023
12:22:42     0x3 0x0000  1002 ms, err 4
12:22:42     a3TxRx.c Сесію 145 8023  завершено. Код 4
12:22:42      a3_tk5z.c Отримано повідомлення про помилку Модбас 4
12:22:42     a3TxRx.c Старт сесії 146
12:22:42     a3TxRx.c Варіант сесії 8023
12:22:43     0x3 0x0000  1002 ms, err 4
12:22:43     a3TxRx.c Сесію 146 8023  завершено. Код 4
12:22:43      a3_tk5z.c Отримано повідомлення про помилку Модбас 4
12:22:44     a3TxRx.c Старт сесії 147
12:22:44     a3TxRx.c Варіант сесії 16
12:22:45     0x10 0x0000  1002 ms, err 4
12:22:45     a3TxRx.c Сесію 147 16  завершено. Код 4
12:22:45      a3_tk5z.c Отримано повідомлення про помилку Модбас 4
12:22:45     a3TxRx.c Старт сесії 148
12:22:45     a3TxRx.c Варіант сесії 8023
12:22:46     0x3 0x0000  1002 ms, err 4
12:22:46     a3TxRx.c Сесію 148 8023  завершено. Код 4
12:22:46      a3_tk5z.c Отримано повідомлення про помилку Модбас 4
12:22:46     a3TxRx.c Старт сесії 149
12:22:46     a3TxRx.c Варіант сесії 8023
12:22:48     0x3 0x0000  1002 ms, err 4
12:22:48     a3TxRx.c Сесію 149 8023  завершено. Код 4
12:22:48      a3_tk5z.c Отримано повідомлення про помилку Модбас 4
12:22:48     a3TxRx.c Старт сесії 150
12:22:48     a3TxRx.c Варіант сесії 8023
12:22:49     0x3 0x0000  1002 ms, err 4
12:22:49     a3TxRx.c Сесію 150 8023  завершено. Код 4
12:22:49      a3_tk5z.c Отримано повідомлення про помилку Модбас 4
12:22:49     a3TxRx.c Старт сесії 151
12:22:49     a3TxRx.c Варіант сесії 8023
12:22:50     0x3 0x0000  1002 ms, err 4
12:22:50     a3TxRx.c Сесію 151 8023  завершено. Код 4
12:22:50      a3_tk5z.c Отримано повідомлення про помилку Модбас 4
12:22:58     a3TxRx.c Старт сесії 152
12:22:58     a3TxRx.c Варіант сесії 435
12:22:59     0x11 0x0000  603 ms, err 4
12:22:59     a3TxRx.c Сесію 152 435  завершено. Код 4
12:22:59      a3_tk5z.c Отримано повідомлення про помилку Модбас 4
12:22:59      a20_tk5.c: З обробника черги отримано відповідь про помилку тестового сеансу
12:22:59     a3TxRx.c Старт сесії 153
12:22:59     a3TxRx.c Варіант сесії 8013
12:23:01     0x3 0x0000  1002 ms, err 4
12:23:01     a3TxRx.c Сесію 153 8013  завершено. Код 4
12:23:01      a3_tk5z.c Отримано повідомлення про помилку Модбас 4
12:23:01     a3TxRx.c Старт сесії 154
12:23:01     a3TxRx.c Варіант сесії 8023
12:23:02     0x3 0x0000  1002 ms, err 4
12:23:02     a3TxRx.c Сесію 154 8023  завершено. Код 4
12:23:02      a3_tk5z.c Отримано повідомлення про помилку Модбас 4




C:\Users\KozakVF\workspaseMW3\tkModbusWindows\LOGS_TK5\tk5log2020_02_21.log
=========================================================================================================


12:24:27     a3TxRx.c Старт сесії 1
12:24:27     a3TxRx.c Варіант сесії 435
12:24:28     0x11 0x0000  603 ms, err 4
12:24:28     a3TxRx.c Сесію 1 435  завершено. Код 4
12:24:28      a3_tk5z.c Отримано повідомлення про помилку Модбас 4
12:24:28      a20_tk5.c: З обробника черги отримано відповідь про помилку тестового сеансу
12:24:28     a3TxRx.c Старт сесії 2
12:24:28     a3TxRx.c Варіант сесії 8013
12:24:28     0x3 0x0001  21 ms, err 1
12:24:28     a3TxRx.c Сесію 2 8013  завершено. Код 1
12:24:28     a3TxRx.c Старт сесії 3
12:24:28     a3TxRx.c Варіант сесії 8023
12:24:28     0x3 0x007B  18 ms, err 1
12:24:28     a3TxRx.c Сесію 3 8023  завершено. Код 1
12:24:30     a3TxRx.c Старт сесії 4
12:24:30     a3TxRx.c Варіант сесії 435
12:24:30     0x11 0x0000  6 ms, err 1
12:24:30     a3TxRx.c Сесію 4 435  завершено. Код 1
12:24:30      a3_tk5z.c: Отримано тестову відповідь 1 від ТК5
12:24:30      a20_tk5.c: З обробника черги отримано відповідь про помилку тестового сеансу
12:24:30     a20_tk5.c: Реакція на відповідь 1 від ТК5. Виведено 'tk5', запущено таймер
12:24:30     a3TxRx.c Старт сесії 5
12:24:30     a3TxRx.c Варіант сесії 8013
12:24:30     0x3 0x0001  18 ms, err 1
12:24:30     a3TxRx.c Сесію 5 8013  завершено. Код 1
12:24:30     a3TxRx.c Старт сесії 6
12:24:30     a3TxRx.c Варіант сесії 8023
12:24:30     0x3 0x007B  18 ms, err 1
12:24:30     a3TxRx.c Сесію 6 8023  завершено. Код 1
12:24:33      a20_tk5.c: Стерто тестове повідомлення 
12:24:38     a3TxRx.c Старт сесії 7
12:24:38     a3TxRx.c Варіант сесії 256
12:24:38     0x3 0x0000  30 ms, err 1
12:24:38     a3TxRx.c Сесію 7 256  завершено. Код 1
12:24:39     a3TxRx.c Старт сесії 8
12:24:39     a3TxRx.c Варіант сесії 256
12:24:39     0x3 0x0000  30 ms, err 1
12:24:39     a3TxRx.c Сесію 8 256  завершено. Код 1
12:24:40     a3TxRx.c Старт сесії 9
12:24:40     a3TxRx.c Варіант сесії 256
12:24:40     0x3 0x0000  30 ms, err 1
12:24:40     a3TxRx.c Сесію 9 256  завершено. Код 1
12:24:41     a3TxRx.c Старт сесії 10
12:24:41     a3TxRx.c Варіант сесії 256
12:24:41     0x3 0x0000  30 ms, err 1
12:24:41     a3TxRx.c Сесію 10 256  завершено. Код 1
12:24:42     a3TxRx.c Старт сесії 11
12:24:42     a3TxRx.c Варіант сесії 256
12:24:42     0x3 0x0000  30 ms, err 1
12:24:42     a3TxRx.c Сесію 11 256  завершено. Код 1
12:24:43     a3TxRx.c Старт сесії 12
12:24:43     a3TxRx.c Варіант сесії 256
12:24:43     0x3 0x0000  30 ms, err 1
12:24:43     a3TxRx.c Сесію 12 256  завершено. Код 1
12:24:44     a3TxRx.c Старт сесії 13
12:24:44     a3TxRx.c Варіант сесії 256
12:24:44     0x3 0x0000  30 ms, err 1
12:24:44     a3TxRx.c Сесію 13 256  завершено. Код 1
12:24:45     a3TxRx.c Старт сесії 14
12:24:45     a3TxRx.c Варіант сесії 256
12:24:45     0x3 0x0000  30 ms, err 1
12:24:45     a3TxRx.c Сесію 14 256  завершено. Код 1
12:24:46     a3TxRx.c Старт сесії 15
12:24:46     a3TxRx.c Варіант сесії 8013
12:24:46     0x3 0x0001  18 ms, err 1
12:24:46     a3TxRx.c Сесію 15 8013  завершено. Код 1
12:24:46     a3TxRx.c Старт сесії 16
12:24:46     a3TxRx.c Варіант сесії 256
12:24:46     0x3 0x0000  33 ms, err 1
12:24:46     a3TxRx.c Сесію 16 256  завершено. Код 1
12:24:47     a3TxRx.c Старт сесії 17
12:24:47     a3TxRx.c Варіант сесії 256
12:24:47     0x3 0x0000  30 ms, err 1
12:24:47     a3TxRx.c Сесію 17 256  завершено. Код 1
12:24:48     a3TxRx.c Старт сесії 18
12:24:48     a3TxRx.c Варіант сесії 256
12:24:48     0x3 0x0000  33 ms, err 1
12:24:48     a3TxRx.c Сесію 18 256  завершено. Код 1
12:24:49     a3TxRx.c Старт сесії 19
12:24:49     a3TxRx.c Варіант сесії 256
12:24:49     0x3 0x0000  30 ms, err 1
12:24:49     a3TxRx.c Сесію 19 256  завершено. Код 1
12:24:50     a3TxRx.c Старт сесії 20
12:24:50     a3TxRx.c Варіант сесії 256
12:24:50     0x3 0x0000  33 ms, err 1
12:24:50     a3TxRx.c Сесію 20 256  завершено. Код 1
12:24:51     a3TxRx.c Старт сесії 21
12:24:51     a3TxRx.c Варіант сесії 256
12:24:51     0x3 0x0000  30 ms, err 1
12:24:51     a3TxRx.c Сесію 21 256  завершено. Код 1
12:24:52     a3TxRx.c Старт сесії 22
12:24:52     a3TxRx.c Варіант сесії 256
12:24:52     0x3 0x0000  33 ms, err 1
12:24:52     a3TxRx.c Сесію 22 256  завершено. Код 1
12:24:53     a3TxRx.c Старт сесії 23
12:24:53     a3TxRx.c Варіант сесії 8023
12:24:53     0x3 0x007B  18 ms, err 1
12:24:53     a3TxRx.c Сесію 23 8023  завершено. Код 1
12:24:53     a3TxRx.c Старт сесії 24
12:24:53     a3TxRx.c Варіант сесії 256
12:24:53     0x3 0x0000  30 ms, err 1
12:24:53     a3TxRx.c Сесію 24 256  завершено. Код 1
12:24:54     a3TxRx.c Старт сесії 25
12:24:54     a3TxRx.c Варіант сесії 256
12:24:54     0x3 0x0000  33 ms, err 1
12:24:54     a3TxRx.c Сесію 25 256  завершено. Код 1
12:24:55     a3TxRx.c Старт сесії 26
12:24:55     a3TxRx.c Варіант сесії 256
12:24:55     0x3 0x0000  30 ms, err 1
12:24:55     a3TxRx.c Сесію 26 256  завершено. Код 1
12:24:56     a3TxRx.c Старт сесії 27
12:24:56     a3TxRx.c Варіант сесії 256
12:24:56     0x3 0x0000  33 ms, err 1
12:24:56     a3TxRx.c Сесію 27 256  завершено. Код 1
12:24:57     a3TxRx.c Старт сесії 28
12:24:57     a3TxRx.c Варіант сесії 16
12:24:58     0x10 0x0000  1002 ms, err 4
12:24:58     a3TxRx.c Сесію 28 16  завершено. Код 4
12:24:58      a3_tk5z.c Отримано повідомлення про помилку Модбас 4
12:24:58     a3TxRx.c Старт сесії 29
12:24:58     a3TxRx.c Варіант сесії 8023
12:25:00     0x3 0x0000  1002 ms, err 4
12:25:00     a3TxRx.c Сесію 29 8023  завершено. Код 4
12:25:00      a3_tk5z.c Отримано повідомлення про помилку Модбас 4
12:25:00     a3TxRx.c Старт сесії 30
12:25:00     a3TxRx.c Варіант сесії 256
12:25:04     0x3 0x0000  3003 ms, err 4
12:25:04     a3TxRx.c Сесію 30 256  завершено. Код 4
12:25:04      a3_tk5z.c Отримано повідомлення про помилку Модбас 4
12:25:04     a3TxRx.c Старт сесії 31
12:25:04     a3TxRx.c Варіант сесії 435
12:25:05     0x11 0x0000  603 ms, err 4
12:25:05     a3TxRx.c Сесію 31 435  завершено. Код 4
12:25:05      a3_tk5z.c Отримано повідомлення про помилку Модбас 4
12:25:05      a20_tk5.c: З обробника черги отримано відповідь про помилку тестового сеансу
12:25:05     a3TxRx.c Старт сесії 32
12:25:05     a3TxRx.c Варіант сесії 8013
12:25:06     0x3 0x0000  1002 ms, err 4
12:25:06     a3TxRx.c Сесію 32 8013  завершено. Код 4
12:25:06      a3_tk5z.c Отримано повідомлення про помилку Модбас 4
12:25:06     a3TxRx.c Старт сесії 33
12:25:06     a3TxRx.c Варіант сесії 8023
12:25:07     0x3 0x0000  1002 ms, err 4
12:25:07     a3TxRx.c Сесію 33 8023  завершено. Код 4
12:25:07      a3_tk5z.c Отримано повідомлення про помилку Модбас 4
12:25:07     a3TxRx.c Старт сесії 34
12:25:07     a3TxRx.c Варіант сесії 256
12:25:11     0x3 0x0000  3003 ms, err 4
12:25:11     a3TxRx.c Сесію 34 256  завершено. Код 4
12:25:11      a3_tk5z.c Отримано повідомлення про помилку Модбас 4
12:25:11     a3TxRx.c Старт сесії 35
12:25:11     a3TxRx.c Варіант сесії 256
12:25:15     0x3 0x0000  3003 ms, err 4
12:25:15     a3TxRx.c Сесію 35 256  завершено. Код 4
12:25:15      a3_tk5z.c Отримано повідомлення про помилку Модбас 4
12:25:15     a3TxRx.c Старт сесії 36
12:25:15     a3TxRx.c Варіант сесії 256
12:25:19     0x3 0x0000  3003 ms, err 4
12:25:19     a3TxRx.c Сесію 36 256  завершено. Код 4
12:25:19      a3_tk5z.c Отримано повідомлення про помилку Модбас 4
12:25:19     a3TxRx.c Старт сесії 37
12:25:19     a3TxRx.c Варіант сесії 256
12:25:23     0x3 0x0000  3003 ms, err 4
12:25:23     a3TxRx.c Сесію 37 256  завершено. Код 4
12:25:23      a3_tk5z.c Отримано повідомлення про помилку Модбас 4
12:25:23     a3TxRx.c Старт сесії 38
12:25:23     a3TxRx.c Варіант сесії 256
12:25:27     0x3 0x0000  3003 ms, err 4
12:25:27     a3TxRx.c Сесію 38 256  завершено. Код 4
12:25:27      a3_tk5z.c Отримано повідомлення про помилку Модбас 4
12:25:27     a3TxRx.c Старт сесії 39
12:25:27     a3TxRx.c Варіант сесії 256
12:25:31     0x3 0x0000  3003 ms, err 4
12:25:31     a3TxRx.c Сесію 39 256  завершено. Код 4
12:25:31      a3_tk5z.c Отримано повідомлення про помилку Модбас 4
12:25:31     a3TxRx.c Старт сесії 40
12:25:31     a3TxRx.c Варіант сесії 256
12:25:35     0x3 0x0000  3003 ms, err 4
12:25:35     a3TxRx.c Сесію 40 256  завершено. Код 4
12:25:35      a3_tk5z.c Отримано повідомлення про помилку Модбас 4
12:25:35     a3TxRx.c Старт сесії 41
12:25:35     a3TxRx.c Варіант сесії 256
12:25:39     0x3 0x0000  3003 ms, err 4
12:25:39     a3TxRx.c Сесію 41 256  завершено. Код 4
12:25:39      a3_tk5z.c Отримано повідомлення про помилку Модбас 4
12:25:39     a3TxRx.c Старт сесії 42
12:25:39     a3TxRx.c Варіант сесії 256
12:25:40     КО: СТОП дистанційного управління  :  :       0 діб(доби) 0 годин 1 хвилин - тривалість дистанційного управління

12:25:40     СТАТИСТИКА Модбас за час дистанційного управління
12:25:40     41.45 % - Процент зайнятості каналу 
12:25:40     42 - Кількість надісланих повідомлень
12:25:40     0. 0 % - Cесія завершилися без помилок
12:25:43     0x3 0x0000  3003 ms, err 4
12:25:43     a3TxRx.c Сесію 42 256  завершено. Код 4
12:25:43      a3_tk5z.c Отримано повідомлення про помилку Модбас 4
12:25:44     a3TxRx.c Старт сесії 43
12:25:44     a3TxRx.c Варіант сесії 435
12:25:45     0x11 0x0000  603 ms, err 4
12:25:45     a3TxRx.c Сесію 43 435  завершено. Код 4
12:25:45      a3_tk5z.c Отримано повідомлення про помилку Модбас 4
12:25:45      a20_tk5.c: З обробника черги отримано відповідь про помилку тестового сеансу
12:25:45     a3TxRx.c Старт сесії 44
12:25:45     a3TxRx.c Варіант сесії 8013
12:25:46     0x3 0x0000  1002 ms, err 4
12:25:46     a3TxRx.c Сесію 44 8013  завершено. Код 4
12:25:46      a3_tk5z.c Отримано повідомлення про помилку Модбас 4
12:25:46     a3TxRx.c Старт сесії 45
12:25:46     a3TxRx.c Варіант сесії 8023
12:25:48     0x3 0x0000  1002 ms, err 4
12:25:48     a3TxRx.c Сесію 45 8023  завершено. Код 4
12:25:48      a3_tk5z.c Отримано повідомлення про помилку Модбас 4
12:25:50     a3TxRx.c Старт сесії 46
12:25:50     a3TxRx.c Варіант сесії 435
12:25:51     0x11 0x0000  603 ms, err 4
12:25:51     a3TxRx.c Сесію 46 435  завершено. Код 4
12:25:51      a3_tk5z.c Отримано повідомлення про помилку Модбас 4
12:25:51      a20_tk5.c: З обробника черги отримано відповідь про помилку тестового сеансу
12:25:51     a3TxRx.c Старт сесії 47
12:25:51     a3TxRx.c Варіант сесії 8013
12:25:52     0x3 0x0000  1002 ms, err 4
12:25:52     a3TxRx.c Сесію 47 8013  завершено. Код 4
12:25:52      a3_tk5z.c Отримано повідомлення про помилку Модбас 4
12:25:52     a3TxRx.c Старт сесії 48
12:25:52     a3TxRx.c Варіант сесії 8023
12:25:53     0x3 0x0000  1002 ms, err 4
12:25:53     a3TxRx.c Сесію 48 8023  завершено. Код 4
12:25:53      a3_tk5z.c Отримано повідомлення про помилку Модбас 4
12:25:59     a3TxRx.c Старт сесії 49
12:25:59     a3TxRx.c Варіант сесії 435
12:26:00     0x11 0x0000  603 ms, err 4
12:26:00     a3TxRx.c Сесію 49 435  завершено. Код 4
12:26:00      a3_tk5z.c Отримано повідомлення про помилку Модбас 4
12:26:00      a20_tk5.c: З обробника черги отримано відповідь про помилку тестового сеансу
12:26:00     a3TxRx.c Старт сесії 50
12:26:00     a3TxRx.c Варіант сесії 8013
12:26:01     0x3 0x0000  1002 ms, err 4
12:26:01     a3TxRx.c Сесію 50 8013  завершено. Код 4
12:26:01      a3_tk5z.c Отримано повідомлення про помилку Модбас 4
12:26:01     a3TxRx.c Старт сесії 51
12:26:01     a3TxRx.c Варіант сесії 8023
12:26:03     0x3 0x0000  1002 ms, err 4
12:26:03     a3TxRx.c Сесію 51 8023  завершено. Код 4
12:26:03      a3_tk5z.c Отримано повідомлення про помилку Модбас 4
12:26:06     a3TxRx.c Старт сесії 52
12:26:06     a3TxRx.c Варіант сесії 435
12:26:07     0x11 0x0000  603 ms, err 4
12:26:07     a3TxRx.c Сесію 52 435  завершено. Код 4
12:26:07      a3_tk5z.c Отримано повідомлення про помилку Модбас 4
12:26:07      a20_tk5.c: З обробника черги отримано відповідь про помилку тестового сеансу
12:26:07     a3TxRx.c Старт сесії 53
12:26:07     a3TxRx.c Варіант сесії 8013
12:26:08     0x3 0x0000  1002 ms, err 4
12:26:08     a3TxRx.c Сесію 53 8013  завершено. Код 4
12:26:08      a3_tk5z.c Отримано повідомлення про помилку Модбас 4
12:26:08     a3TxRx.c Старт сесії 54
12:26:08     a3TxRx.c Варіант сесії 8023
12:26:09     0x3 0x0000  1002 ms, err 4
12:26:09     a3TxRx.c Сесію 54 8023  завершено. Код 4
12:26:09      a3_tk5z.c Отримано повідомлення про помилку Модбас 4
12:26:13     a3TxRx.c Старт сесії 55
12:26:13     a3TxRx.c Варіант сесії 435
12:26:14     0x11 0x0000  603 ms, err 4
12:26:14     a3TxRx.c Сесію 55 435  завершено. Код 4
12:26:14      a3_tk5z.c Отримано повідомлення про помилку Модбас 4
12:26:14      a20_tk5.c: З обробника черги отримано відповідь про помилку тестового сеансу
12:26:14     a3TxRx.c Старт сесії 56
12:26:14     a3TxRx.c Варіант сесії 8013
12:26:15     0x3 0x0000  1002 ms, err 4
12:26:15     a3TxRx.c Сесію 56 8013  завершено. Код 4
12:26:15      a3_tk5z.c Отримано повідомлення про помилку Модбас 4
12:26:15     a3TxRx.c Старт сесії 57
12:26:15     a3TxRx.c Варіант сесії 8023
12:26:16     0x3 0x0000  1002 ms, err 4
12:26:16     a3TxRx.c Сесію 57 8023  завершено. Код 4
12:26:16      a3_tk5z.c Отримано повідомлення про помилку Модбас 4
12:26:18     a3TxRx.c Старт сесії 58
12:26:18     a3TxRx.c Варіант сесії 435
12:26:19     0x11 0x0000  603 ms, err 4
12:26:19     a3TxRx.c Сесію 58 435  завершено. Код 4
12:26:19      a3_tk5z.c Отримано повідомлення про помилку Модбас 4
12:26:19      a20_tk5.c: З обробника черги отримано відповідь про помилку тестового сеансу
12:26:19     a3TxRx.c Старт сесії 59
12:26:19     a3TxRx.c Варіант сесії 8013
12:26:21     0x3 0x0000  1002 ms, err 4
12:26:21     a3TxRx.c Сесію 59 8013  завершено. Код 4
12:26:21      a3_tk5z.c Отримано повідомлення про помилку Модбас 4
12:26:21     a3TxRx.c Старт сесії 60
12:26:21     a3TxRx.c Варіант сесії 8023
12:26:22     0x3 0x0000  1002 ms, err 4
12:26:22     a3TxRx.c Сесію 60 8023  завершено. Код 4
12:26:22      a3_tk5z.c Отримано повідомлення про помилку Модбас 4
12:26:40     a3TxRx.c Старт сесії 61
12:26:40     a3TxRx.c Варіант сесії 435
12:26:41     0x11 0x0000  603 ms, err 4
12:26:41     a3TxRx.c Сесію 61 435  завершено. Код 4
12:26:41      a3_tk5z.c Отримано повідомлення про помилку Модбас 4
12:26:41      a20_tk5.c: З обробника черги отримано відповідь про помилку тестового сеансу
12:26:41     a3TxRx.c Старт сесії 62
12:26:41     a3TxRx.c Варіант сесії 8013
12:26:42     0x3 0x0000  1002 ms, err 4
12:26:42     a3TxRx.c Сесію 62 8013  завершено. Код 4
12:26:42      a3_tk5z.c Отримано повідомлення про помилку Модбас 4
12:26:42     a3TxRx.c Старт сесії 63
12:26:42     a3TxRx.c Варіант сесії 8023
12:26:44     0x3 0x0000  1002 ms, err 4
12:26:44     a3TxRx.c Сесію 63 8023  завершено. Код 4
12:26:44      a3_tk5z.c Отримано повідомлення про помилку Модбас 4




C:\Users\KozakVF\workspaseMW3\tkModbusWindows\LOGS_TK5\tk5log2020_02_21.log
=========================================================================================================


12:27:23     a3TxRx.c Старт сесії 1
12:27:23     a3TxRx.c Варіант сесії 435
12:27:24     0x11 0x0000  603 ms, err 4
12:27:24     a3TxRx.c Сесію 1 435  завершено. Код 4
12:27:24      a3_tk5z.c Отримано повідомлення про помилку Модбас 4
12:27:24      a20_tk5.c: З обробника черги отримано відповідь про помилку тестового сеансу
12:27:24     a3TxRx.c Старт сесії 2
12:27:24     a3TxRx.c Варіант сесії 8013
12:27:24     0x3 0x0001  18 ms, err 1
12:27:24     a3TxRx.c Сесію 2 8013  завершено. Код 1
12:27:24     a3TxRx.c Старт сесії 3
12:27:24     a3TxRx.c Варіант сесії 8023
12:27:24     0x3 0x007B  18 ms, err 1
12:27:24     a3TxRx.c Сесію 3 8023  завершено. Код 1
12:27:29     a3TxRx.c Старт сесії 4
12:27:29     a3TxRx.c Варіант сесії 435
12:27:29     0x11 0x0000  6 ms, err 1
12:27:29     a3TxRx.c Сесію 4 435  завершено. Код 1
12:27:29      a3_tk5z.c: Отримано тестову відповідь 1 від ТК5
12:27:29      a20_tk5.c: З обробника черги отримано відповідь про помилку тестового сеансу
12:27:29     a20_tk5.c: Реакція на відповідь 1 від ТК5. Виведено 'tk5', запущено таймер
12:27:29     a3TxRx.c Старт сесії 5
12:27:29     a3TxRx.c Варіант сесії 8013
12:27:29     0x3 0x0001  18 ms, err 1
12:27:29     a3TxRx.c Сесію 5 8013  завершено. Код 1
12:27:29     a3TxRx.c Старт сесії 6
12:27:29     a3TxRx.c Варіант сесії 8023
12:27:29     0x3 0x007B  18 ms, err 1
12:27:29     a3TxRx.c Сесію 6 8023  завершено. Код 1
12:27:32      a20_tk5.c: Стерто тестове повідомлення 
12:27:34     a3TxRx.c Старт сесії 7
12:27:34     a3TxRx.c Варіант сесії 256
12:27:34     0x3 0x0000  30 ms, err 1
12:27:34     a3TxRx.c Сесію 7 256  завершено. Код 1
12:27:35     a3TxRx.c Старт сесії 8
12:27:35     a3TxRx.c Варіант сесії 256
12:27:35     0x3 0x0000  30 ms, err 1
12:27:35     a3TxRx.c Сесію 8 256  завершено. Код 1
12:27:36     a3TxRx.c Старт сесії 9
12:27:36     a3TxRx.c Варіант сесії 256
12:27:36     0x3 0x0000  30 ms, err 1
12:27:36     a3TxRx.c Сесію 9 256  завершено. Код 1
12:27:37     a3TxRx.c Старт сесії 10
12:27:37     a3TxRx.c Варіант сесії 256
12:27:37     0x3 0x0000  30 ms, err 1
12:27:37     a3TxRx.c Сесію 10 256  завершено. Код 1
12:27:38     a3TxRx.c Старт сесії 11
12:27:38     a3TxRx.c Варіант сесії 256
12:27:38     0x3 0x0000  30 ms, err 1
12:27:38     a3TxRx.c Сесію 11 256  завершено. Код 1
12:27:39     a3TxRx.c Старт сесії 12
12:27:39     a3TxRx.c Варіант сесії 256
12:27:39     0x3 0x0000  30 ms, err 1
12:27:39     a3TxRx.c Сесію 12 256  завершено. Код 1
12:27:40     a3TxRx.c Старт сесії 13
12:27:40     a3TxRx.c Варіант сесії 256
12:27:40     0x3 0x0000  30 ms, err 1
12:27:40     a3TxRx.c Сесію 13 256  завершено. Код 1
12:27:41     a3TxRx.c Старт сесії 14
12:27:41     a3TxRx.c Варіант сесії 256
12:27:41     0x3 0x0000  30 ms, err 1
12:27:41     a3TxRx.c Сесію 14 256  завершено. Код 1
12:27:41     a3TxRx.c Старт сесії 15
12:27:41     a3TxRx.c Варіант сесії 8023
12:27:41     0x3 0x007B  18 ms, err 1
12:27:41     a3TxRx.c Сесію 15 8023  завершено. Код 1
12:27:42     a3TxRx.c Старт сесії 16
12:27:42     a3TxRx.c Варіант сесії 256
12:27:42     0x3 0x0000  33 ms, err 1
12:27:42     a3TxRx.c Сесію 16 256  завершено. Код 1
12:27:43     a3TxRx.c Старт сесії 17
12:27:43     a3TxRx.c Варіант сесії 256
12:27:43     0x3 0x0000  30 ms, err 1
12:27:43     a3TxRx.c Сесію 17 256  завершено. Код 1
12:27:44     a3TxRx.c Старт сесії 18
12:27:44     a3TxRx.c Варіант сесії 256
12:27:44     0x3 0x0000  30 ms, err 1
12:27:44     a3TxRx.c Сесію 18 256  завершено. Код 1
12:27:45     a3TxRx.c Старт сесії 19
12:27:45     a3TxRx.c Варіант сесії 256
12:27:45     0x3 0x0000  33 ms, err 1
12:27:45     a3TxRx.c Сесію 19 256  завершено. Код 1
12:27:46     a3TxRx.c Старт сесії 20
12:27:46     a3TxRx.c Варіант сесії 256
12:27:46     0x3 0x0000  30 ms, err 1
12:27:46     a3TxRx.c Сесію 20 256  завершено. Код 1
12:27:47     a3TxRx.c Старт сесії 21
12:27:47     a3TxRx.c Варіант сесії 256
12:27:47     0x3 0x0000  33 ms, err 1
12:27:47     a3TxRx.c Сесію 21 256  завершено. Код 1
12:27:48     a3TxRx.c Старт сесії 22
12:27:48     a3TxRx.c Варіант сесії 256
12:27:48     0x3 0x0000  30 ms, err 1
12:27:48     a3TxRx.c Сесію 22 256  завершено. Код 1
12:27:49     a3TxRx.c Старт сесії 23
12:27:49     a3TxRx.c Варіант сесії 256
12:27:49     0x3 0x0000  33 ms, err 1
12:27:49     a3TxRx.c Сесію 23 256  завершено. Код 1
12:27:50     a3TxRx.c Старт сесії 24
12:27:50     a3TxRx.c Варіант сесії 16
12:27:51     0x10 0x0000  1002 ms, err 4
12:27:51     a3TxRx.c Сесію 24 16  завершено. Код 4
12:27:51     a3TxRx.c Старт сесії 25
12:27:51     a3TxRx.c Варіант сесії 8023
12:27:52     0x3 0x0000  1002 ms, err 4
12:27:52     a3TxRx.c Сесію 25 8023  завершено. Код 4
12:27:52     a3TxRx.c Старт сесії 26
12:27:52     a3TxRx.c Варіант сесії 256
12:27:56     0x3 0x0000  3003 ms, err 4
12:27:56     a3TxRx.c Сесію 26 256  завершено. Код 4
12:27:56      a3_tk5z.c Отримано повідомлення про помилку Модбас 4
12:27:56     a3TxRx.c Старт сесії 27
12:27:56     a3TxRx.c Варіант сесії 256
12:28:00     0x3 0x0000  3003 ms, err 4
12:28:00     a3TxRx.c Сесію 27 256  завершено. Код 4
12:28:00      a3_tk5z.c Отримано повідомлення про помилку Модбас 4
12:28:00     a3TxRx.c Старт сесії 28
12:28:00     a3TxRx.c Варіант сесії 256
12:28:04     0x3 0x0000  3003 ms, err 4
12:28:04     a3TxRx.c Сесію 28 256  завершено. Код 4
12:28:04      a3_tk5z.c Отримано повідомлення про помилку Модбас 4
12:28:04     a3TxRx.c Старт сесії 29
12:28:04     a3TxRx.c Варіант сесії 256
12:28:08     0x3 0x0000  3003 ms, err 4
12:28:08     a3TxRx.c Сесію 29 256  завершено. Код 4
12:28:08      a3_tk5z.c Отримано повідомлення про помилку Модбас 4
12:28:08     a3TxRx.c Старт сесії 30
12:28:08     a3TxRx.c Варіант сесії 256
12:28:12     КО: СТОП дистанційного управління  :  :       0 діб(доби) 0 годин 0 хвилин - тривалість дистанційного управління

12:28:12     СТАТИСТИКА Модбас за час дистанційного управління
12:28:12     36.11 % - Процент зайнятості каналу 
12:28:12     30 - Кількість надісланих повідомлень
12:28:12     0. 0 % - Cесія завершилися без помилок
12:28:12     0x3 0x0000  3003 ms, err 4
12:28:12     a3TxRx.c Сесію 30 256  завершено. Код 4
12:28:12      a3_tk5z.c Отримано повідомлення про помилку Модбас 4
12:28:17     a3TxRx.c Старт сесії 31
12:28:17     a3TxRx.c Варіант сесії 256
12:28:19     КО: СТОП дистанційного управління  :  :       0 діб(доби) 0 годин 0 хвилин - тривалість дистанційного управління

12:28:19     СТАТИСТИКА Модбас за час дистанційного управління
12:28:19     36.11 % - Процент зайнятості каналу 
12:28:19     31 - Кількість надісланих повідомлень
12:28:19     0. 0 % - Cесія завершилися без помилок
12:28:21     0x3 0x0000  3003 ms, err 4
12:28:21     a3TxRx.c Сесію 31 256  завершено. Код 4
12:28:21      a3_tk5z.c Отримано повідомлення про помилку Модбас 4
12:30:02     a3TxRx.c Старт сесії 32
12:30:06     a3TxRx.c Варіант сесії 256
12:30:14     0x3 0x0000  3003 ms, err 4
12:31:49     a3TxRx.c Сесію 32 256  завершено. Код 4
12:31:49      a3_tk5z.c Отримано повідомлення про помилку Модбас 4
12:31:59     a3TxRx.c Старт сесії 33
12:31:59     a3TxRx.c Варіант сесії 256
12:32:03     0x3 0x0000  3003 ms, err 4
12:32:03     a3TxRx.c Сесію 33 256  завершено. Код 4
12:32:03      a3_tk5z.c Отримано повідомлення про помилку Модбас 4
12:32:03     a3TxRx.c Старт сесії 34
12:32:03     a3TxRx.c Варіант сесії 256
12:32:07     0x3 0x0000  3003 ms, err 4
12:32:07     a3TxRx.c Сесію 34 256  завершено. Код 4
12:32:07      a3_tk5z.c Отримано повідомлення про помилку Модбас 4
12:32:07     a3TxRx.c Старт сесії 35
12:32:07     a3TxRx.c Варіант сесії 256
12:32:11     0x3 0x0000  3003 ms, err 4
12:32:11     a3TxRx.c Сесію 35 256  завершено. Код 4
12:32:11      a3_tk5z.c Отримано повідомлення про помилку Модбас 4
12:32:11     a3TxRx.c Старт сесії 36
12:32:11     a3TxRx.c Варіант сесії 256
12:32:15     0x3 0x0000  3003 ms, err 4
12:32:15     a3TxRx.c Сесію 36 256  завершено. Код 4
12:32:15      a3_tk5z.c Отримано повідомлення про помилку Модбас 4
12:32:15     a3TxRx.c Старт сесії 37
12:32:15     a3TxRx.c Варіант сесії 256
12:32:19     0x3 0x0000  3003 ms, err 4
12:32:19     a3TxRx.c Сесію 37 256  завершено. Код 4
12:32:19      a3_tk5z.c Отримано повідомлення про помилку Модбас 4
12:32:19     a3TxRx.c Старт сесії 38
12:32:19     a3TxRx.c Варіант сесії 256
12:32:23     0x3 0x0000  3003 ms, err 4
12:32:23     a3TxRx.c Сесію 38 256  завершено. Код 4
12:32:23      a3_tk5z.c Отримано повідомлення про помилку Модбас 4
12:32:23     a3TxRx.c Старт сесії 39
12:32:23     a3TxRx.c Варіант сесії 256
12:32:27     0x3 0x0000  3003 ms, err 4
12:32:27     a3TxRx.c Сесію 39 256  завершено. Код 4
12:32:27      a3_tk5z.c Отримано повідомлення про помилку Модбас 4
12:32:27     a3TxRx.c Старт сесії 40
12:32:27     a3TxRx.c Варіант сесії 256
12:32:31     0x3 0x0000  3003 ms, err 4
12:32:31     a3TxRx.c Сесію 40 256  завершено. Код 4
12:32:31      a3_tk5z.c Отримано повідомлення про помилку Модбас 4
12:32:31     a3TxRx.c Старт сесії 41
12:32:31     a3TxRx.c Варіант сесії 256
12:32:35     0x3 0x0000  3003 ms, err 4
12:32:35     a3TxRx.c Сесію 41 256  завершено. Код 4
12:32:35      a3_tk5z.c Отримано повідомлення про помилку Модбас 4
12:32:35     a3TxRx.c Старт сесії 42
12:32:35     a3TxRx.c Варіант сесії 256
12:32:39     0x3 0x0000  3003 ms, err 4
12:32:39     a3TxRx.c Сесію 42 256  завершено. Код 4
12:32:39      a3_tk5z.c Отримано повідомлення про помилку Модбас 4
12:32:39     a3TxRx.c Старт сесії 43
12:32:39     a3TxRx.c Варіант сесії 256
12:32:42     0x3 0x0000  2427 ms, err 1
12:32:42     a3TxRx.c Сесію 43 256  завершено. Код 1
12:32:42     a3TxRx.c Старт сесії 44
12:32:42     a3TxRx.c Варіант сесії 256
12:32:46     0x3 0x0000  3003 ms, err 4
12:32:46     a3TxRx.c Сесію 44 256  завершено. Код 4
12:32:46      a3_tk5z.c Отримано повідомлення про помилку Модбас 4
12:32:46     a3TxRx.c Старт сесії 45
12:32:46     a3TxRx.c Варіант сесії 256
12:32:50     0x3 0x0000  2898 ms, err 1
12:32:50     a3TxRx.c Сесію 45 256  завершено. Код 1
12:32:50     a3TxRx.c Старт сесії 46
12:32:50     a3TxRx.c Варіант сесії 256
12:32:50     0x3 0x0000  30 ms, err 1
12:32:50     a3TxRx.c Сесію 46 256  завершено. Код 1
12:32:50     a3TxRx.c Старт сесії 47
12:32:50     a3TxRx.c Варіант сесії 256
12:32:50     0x3 0x0000  30 ms, err 1
12:32:50     a3TxRx.c Сесію 47 256  завершено. Код 1
12:32:50     a3TxRx.c Старт сесії 48
12:32:50     a3TxRx.c Варіант сесії 256
12:32:50     0x3 0x0000  30 ms, err 1
12:32:50     a3TxRx.c Сесію 48 256  завершено. Код 1
12:32:50     a3TxRx.c Старт сесії 49
12:32:50     a3TxRx.c Варіант сесії 256
12:32:51     0x3 0x0000  30 ms, err 1
12:32:51     a3TxRx.c Сесію 49 256  завершено. Код 1
12:32:51     a3TxRx.c Старт сесії 50
12:32:51     a3TxRx.c Варіант сесії 256
12:32:51     0x3 0x0000  30 ms, err 1
12:32:51     a3TxRx.c Сесію 50 256  завершено. Код 1
12:32:51     a3TxRx.c Старт сесії 51
12:32:51     a3TxRx.c Варіант сесії 256
12:32:51     0x3 0x0000  30 ms, err 1
12:32:51     a3TxRx.c Сесію 51 256  завершено. Код 1
12:32:51     a3TxRx.c Старт сесії 52
12:32:51     a3TxRx.c Варіант сесії 256
12:32:51     0x3 0x0000  30 ms, err 1
12:32:51     a3TxRx.c Сесію 52 256  завершено. Код 1
12:32:51     a3TxRx.c Старт сесії 53
12:32:51     a3TxRx.c Варіант сесії 256
12:32:51     0x3 0x0000  30 ms, err 1
12:32:51     a3TxRx.c Сесію 53 256  завершено. Код 1
12:32:51     a3TxRx.c Старт сесії 54
12:32:51     a3TxRx.c Варіант сесії 256
12:32:51     0x3 0x0000  33 ms, err 1
12:32:51     a3TxRx.c Сесію 54 256  завершено. Код 1
12:32:51     a3TxRx.c Старт сесії 55
12:32:51     a3TxRx.c Варіант сесії 256
12:32:51     0x3 0x0000  33 ms, err 1
12:32:51     a3TxRx.c Сесію 55 256  завершено. Код 1
12:32:51     a3TxRx.c Старт сесії 56
12:32:51     a3TxRx.c Варіант сесії 256
12:32:51     0x3 0x0000  33 ms, err 1
12:32:51     a3TxRx.c Сесію 56 256  завершено. Код 1
12:32:51     a3TxRx.c Старт сесії 57
12:32:51     a3TxRx.c Варіант сесії 256
12:32:51     0x3 0x0000  33 ms, err 1
12:32:51     a3TxRx.c Сесію 57 256  завершено. Код 1
12:32:51     a3TxRx.c Старт сесії 58
12:32:51     a3TxRx.c Варіант сесії 256
12:32:51     0x3 0x0000  33 ms, err 1
12:32:51     a3TxRx.c Сесію 58 256  завершено. Код 1
12:32:51     a3TxRx.c Старт сесії 59
12:32:51     a3TxRx.c Варіант сесії 256
12:32:51     0x3 0x0000  33 ms, err 1
12:32:51     a3TxRx.c Сесію 59 256  завершено. Код 1
12:32:51     a3TxRx.c Старт сесії 60
12:32:51     a3TxRx.c Варіант сесії 256
12:32:51     0x3 0x0000  33 ms, err 1
12:32:51     a3TxRx.c Сесію 60 256  завершено. Код 1
12:32:51     a3TxRx.c Старт сесії 61
12:32:51     a3TxRx.c Варіант сесії 256
12:32:51     0x3 0x0000  33 ms, err 1
12:32:51     a3TxRx.c Сесію 61 256  завершено. Код 1
12:32:51     a3TxRx.c Старт сесії 62
12:32:51     a3TxRx.c Варіант сесії 256
12:32:51     0x3 0x0000  33 ms, err 1
12:32:51     a3TxRx.c Сесію 62 256  завершено. Код 1
12:32:51     a3TxRx.c Старт сесії 63
12:32:51     a3TxRx.c Варіант сесії 256
12:32:51     0x3 0x0000  30 ms, err 1
12:32:51     a3TxRx.c Сесію 63 256  завершено. Код 1
12:32:51     a3TxRx.c Старт сесії 64
12:32:51     a3TxRx.c Варіант сесії 256
12:32:51     0x3 0x0000  30 ms, err 1
12:32:51     a3TxRx.c Сесію 64 256  завершено. Код 1
12:32:51     a3TxRx.c Старт сесії 65
12:32:51     a3TxRx.c Варіант сесії 256
12:32:51     0x3 0x0000  30 ms, err 1
12:32:51     a3TxRx.c Сесію 65 256  завершено. Код 1
12:32:52     a3TxRx.c Старт сесії 66
12:32:52     a3TxRx.c Варіант сесії 256
12:32:52     0x3 0x0000  33 ms, err 1
12:32:52     a3TxRx.c Сесію 66 256  завершено. Код 1
12:32:52     a3TxRx.c Старт сесії 67
12:32:52     a3TxRx.c Варіант сесії 256
12:32:52     0x3 0x0000  30 ms, err 1
12:32:52     a3TxRx.c Сесію 67 256  завершено. Код 1
12:32:52     a3TxRx.c Старт сесії 68
12:32:52     a3TxRx.c Варіант сесії 256
12:32:52     0x3 0x0000  33 ms, err 1
12:32:52     a3TxRx.c Сесію 68 256  завершено. Код 1
12:32:52     a3TxRx.c Старт сесії 69
12:32:52     a3TxRx.c Варіант сесії 256
12:32:52     0x3 0x0000  30 ms, err 1
12:32:52     a3TxRx.c Сесію 69 256  завершено. Код 1
12:32:52     a3TxRx.c Старт сесії 70
12:32:52     a3TxRx.c Варіант сесії 256
12:32:52     0x3 0x0000  30 ms, err 1
12:32:52     a3TxRx.c Сесію 70 256  завершено. Код 1
12:32:52     a3TxRx.c Старт сесії 71
12:32:52     a3TxRx.c Варіант сесії 256
12:32:52     0x3 0x0000  30 ms, err 1
12:32:52     a3TxRx.c Сесію 71 256  завершено. Код 1
12:32:52     a3TxRx.c Старт сесії 72
12:32:52     a3TxRx.c Варіант сесії 256
12:32:52     0x3 0x0000  30 ms, err 1
12:32:52     a3TxRx.c Сесію 72 256  завершено. Код 1
12:32:52     a3TxRx.c Старт сесії 73
12:32:52     a3TxRx.c Варіант сесії 256
12:32:52     0x3 0x0000  30 ms, err 1
12:32:52     a3TxRx.c Сесію 73 256  завершено. Код 1
12:32:52     a3TxRx.c Старт сесії 74
12:32:52     a3TxRx.c Варіант сесії 256
12:32:52     0x3 0x0000  30 ms, err 1
12:32:52     a3TxRx.c Сесію 74 256  завершено. Код 1
12:32:52     a3TxRx.c Старт сесії 75
12:32:52     a3TxRx.c Варіант сесії 256
12:32:52     0x3 0x0000  30 ms, err 1
12:32:52     a3TxRx.c Сесію 75 256  завершено. Код 1
12:32:52     a3TxRx.c Старт сесії 76
12:32:52     a3TxRx.c Варіант сесії 256
12:32:52     0x3 0x0000  33 ms, err 1
12:32:52     a3TxRx.c Сесію 76 256  завершено. Код 1
12:32:52     a3TxRx.c Старт сесії 77
12:32:52     a3TxRx.c Варіант сесії 256
12:32:52     0x3 0x0000  30 ms, err 1
12:32:52     a3TxRx.c Сесію 77 256  завершено. Код 1
12:32:52     a3TxRx.c Старт сесії 78
12:32:52     a3TxRx.c Варіант сесії 256
12:32:52     0x3 0x0000  30 ms, err 1
12:32:52     a3TxRx.c Сесію 78 256  завершено. Код 1
12:32:52     a3TxRx.c Старт сесії 79
12:32:52     a3TxRx.c Варіант сесії 256
12:32:52     0x3 0x0000  30 ms, err 1
12:32:52     a3TxRx.c Сесію 79 256  завершено. Код 1
12:32:52     a3TxRx.c Старт сесії 80
12:32:52     a3TxRx.c Варіант сесії 256
12:32:52     0x3 0x0000  30 ms, err 1
12:32:52     a3TxRx.c Сесію 80 256  завершено. Код 1
12:32:52     a3TxRx.c Старт сесії 81
12:32:52     a3TxRx.c Варіант сесії 256
12:32:52     0x3 0x0000  33 ms, err 1
12:32:52     a3TxRx.c Сесію 81 256  завершено. Код 1
12:32:52     a3TxRx.c Старт сесії 82
12:32:52     a3TxRx.c Варіант сесії 256
12:32:53     0x3 0x0000  30 ms, err 1
12:32:53     a3TxRx.c Сесію 82 256  завершено. Код 1
12:32:53     a3TxRx.c Старт сесії 83
12:32:53     a3TxRx.c Варіант сесії 256
12:32:53     0x3 0x0000  30 ms, err 1
12:32:53     a3TxRx.c Сесію 83 256  завершено. Код 1
12:32:53     a3TxRx.c Старт сесії 84
12:32:53     a3TxRx.c Варіант сесії 256
12:32:53     0x3 0x0000  33 ms, err 1
12:32:53     a3TxRx.c Сесію 84 256  завершено. Код 1
12:32:56     a3TxRx.c Старт сесії 85
12:32:56     a3TxRx.c Варіант сесії 256
12:32:56     0x3 0x0000  30 ms, err 1
12:32:56     a3TxRx.c Сесію 85 256  завершено. Код 1
12:32:57     a3TxRx.c Старт сесії 86
12:32:57     a3TxRx.c Варіант сесії 256
12:32:57     0x3 0x0000  33 ms, err 1
12:32:57     a3TxRx.c Сесію 86 256  завершено. Код 1
12:32:58     a3TxRx.c Старт сесії 87
12:32:58     a3TxRx.c Варіант сесії 256
12:32:58     0x3 0x0000  30 ms, err 1
12:32:58     a3TxRx.c Сесію 87 256  завершено. Код 1
12:32:59     a3TxRx.c Старт сесії 88
12:32:59     a3TxRx.c Варіант сесії 256
12:32:59     0x3 0x0000  33 ms, err 1
12:32:59     a3TxRx.c Сесію 88 256  завершено. Код 1
12:33:00     a3TxRx.c Старт сесії 89
12:33:00     a3TxRx.c Варіант сесії 256
12:33:00     0x3 0x0000  30 ms, err 1
12:33:00     a3TxRx.c Сесію 89 256  завершено. Код 1
12:33:01     a3TxRx.c Старт сесії 90
12:33:01     a3TxRx.c Варіант сесії 256
12:33:01     0x3 0x0000  30 ms, err 1
12:33:01     a3TxRx.c Сесію 90 256  завершено. Код 1
12:33:02     a3TxRx.c Старт сесії 91
12:33:02     a3TxRx.c Варіант сесії 256
12:33:02     0x3 0x0000  30 ms, err 1
12:33:02     a3TxRx.c Сесію 91 256  завершено. Код 1
12:33:03     a3TxRx.c Старт сесії 92
12:33:03     a3TxRx.c Варіант сесії 256
12:33:03     0x3 0x0000  33 ms, err 1
12:33:03     a3TxRx.c Сесію 92 256  завершено. Код 1
12:33:04     a3TxRx.c Старт сесії 93
12:33:04     a3TxRx.c Варіант сесії 256
12:33:04     0x3 0x0000  30 ms, err 1
12:33:04     a3TxRx.c Сесію 93 256  завершено. Код 1
12:33:05     a3TxRx.c Старт сесії 94
12:33:05     a3TxRx.c Варіант сесії 256
12:33:05     0x3 0x0000  33 ms, err 1
12:33:05     a3TxRx.c Сесію 94 256  завершено. Код 1
12:33:06     a3TxRx.c Старт сесії 95
12:33:06     a3TxRx.c Варіант сесії 256
12:33:06     0x3 0x0000  30 ms, err 1
12:33:06     a3TxRx.c Сесію 95 256  завершено. Код 1
12:33:07     a3TxRx.c Старт сесії 96
12:33:07     a3TxRx.c Варіант сесії 256
12:33:07     0x3 0x0000  33 ms, err 1
12:33:07     a3TxRx.c Сесію 96 256  завершено. Код 1
12:33:08     a3TxRx.c Старт сесії 97
12:33:08     a3TxRx.c Варіант сесії 256
12:33:08     0x3 0x0000  30 ms, err 1
12:33:08     a3TxRx.c Сесію 97 256  завершено. Код 1
12:33:09     a3TxRx.c Старт сесії 98
12:33:09     a3TxRx.c Варіант сесії 256
12:33:09     0x3 0x0000  33 ms, err 1
12:33:09     a3TxRx.c Сесію 98 256  завершено. Код 1
12:33:10     a3TxRx.c Старт сесії 99
12:33:10     a3TxRx.c Варіант сесії 256
12:33:10     0x3 0x0000  30 ms, err 1
12:33:10     a3TxRx.c Сесію 99 256  завершено. Код 1
12:33:11     a3TxRx.c Старт сесії 100
12:33:11     a3TxRx.c Варіант сесії 256
12:33:11     0x3 0x0000  33 ms, err 1
12:33:11     a3TxRx.c Сесію 100 256  завершено. Код 1
12:33:12     a3TxRx.c Старт сесії 101
12:33:12     a3TxRx.c Варіант сесії 256
12:33:12     0x3 0x0000  33 ms, err 1
12:33:12     a3TxRx.c Сесію 101 256  завершено. Код 1
12:33:13     a3TxRx.c Старт сесії 102
12:33:13     a3TxRx.c Варіант сесії 256
12:33:13     0x3 0x0000  33 ms, err 1
12:33:13     a3TxRx.c Сесію 102 256  завершено. Код 1
12:33:14     a3TxRx.c Старт сесії 103
12:33:14     a3TxRx.c Варіант сесії 256
12:33:14     0x3 0x0000  30 ms, err 1
12:33:14     a3TxRx.c Сесію 103 256  завершено. Код 1
12:33:15     a3TxRx.c Старт сесії 104
12:33:15     a3TxRx.c Варіант сесії 256
12:33:15     0x3 0x0000  33 ms, err 1
12:33:15     a3TxRx.c Сесію 104 256  завершено. Код 1
12:33:16     a3TxRx.c Старт сесії 105
12:33:16     a3TxRx.c Варіант сесії 256
12:33:16     0x3 0x0000  30 ms, err 1
12:33:16     a3TxRx.c Сесію 105 256  завершено. Код 1
12:33:17     a3TxRx.c Старт сесії 106
12:33:17     a3TxRx.c Варіант сесії 256
12:33:17     0x3 0x0000  30 ms, err 1
12:33:17     a3TxRx.c Сесію 106 256  завершено. Код 1
12:33:18     a3TxRx.c Старт сесії 107
12:33:18     a3TxRx.c Варіант сесії 256
12:33:18     0x3 0x0000  30 ms, err 1
12:33:18     a3TxRx.c Сесію 107 256  завершено. Код 1
12:33:19     a3TxRx.c Старт сесії 108
12:33:19     a3TxRx.c Варіант сесії 256
12:33:19     0x3 0x0000  30 ms, err 1
12:33:19     a3TxRx.c Сесію 108 256  завершено. Код 1
12:33:20     a3TxRx.c Старт сесії 109
12:33:20     a3TxRx.c Варіант сесії 256
12:33:20     0x3 0x0000  30 ms, err 1
12:33:20     a3TxRx.c Сесію 109 256  завершено. Код 1
12:33:21     a3TxRx.c Старт сесії 110
12:33:21     a3TxRx.c Варіант сесії 256
12:33:21     0x3 0x0000  30 ms, err 1
12:33:21     a3TxRx.c Сесію 110 256  завершено. Код 1
12:33:22     a3TxRx.c Старт сесії 111
12:33:22     a3TxRx.c Варіант сесії 256
12:33:22     0x3 0x0000  30 ms, err 1
12:33:22     a3TxRx.c Сесію 111 256  завершено. Код 1
12:33:23     a3TxRx.c Старт сесії 112
12:33:23     a3TxRx.c Варіант сесії 256
12:33:23     0x3 0x0000  30 ms, err 1
12:33:23     a3TxRx.c Сесію 112 256  завершено. Код 1
12:33:24     a3TxRx.c Старт сесії 113
12:33:24     a3TxRx.c Варіант сесії 256
12:33:24     0x3 0x0000  30 ms, err 1
12:33:24     a3TxRx.c Сесію 113 256  завершено. Код 1
12:33:25     a3TxRx.c Старт сесії 114
12:33:25     a3TxRx.c Варіант сесії 256
12:33:25     0x3 0x0000  30 ms, err 1
12:33:25     a3TxRx.c Сесію 114 256  завершено. Код 1
12:33:26     a3TxRx.c Старт сесії 115
12:33:26     a3TxRx.c Варіант сесії 256
12:33:26     0x3 0x0000  30 ms, err 1
12:33:26     a3TxRx.c Сесію 115 256  завершено. Код 1
12:33:27     a3TxRx.c Старт сесії 116
12:33:27     a3TxRx.c Варіант сесії 256
12:33:27     0x3 0x0000  30 ms, err 1
12:33:27     a3TxRx.c Сесію 116 256  завершено. Код 1
12:33:28     a3TxRx.c Старт сесії 117
12:33:28     a3TxRx.c Варіант сесії 256
12:33:28     0x3 0x0000  30 ms, err 1
12:33:28     a3TxRx.c Сесію 117 256  завершено. Код 1
12:33:29     a3TxRx.c Старт сесії 118
12:33:29     a3TxRx.c Варіант сесії 256
12:33:29     0x3 0x0000  30 ms, err 1
12:33:29     a3TxRx.c Сесію 118 256  завершено. Код 1
12:33:30     a3TxRx.c Старт сесії 119
12:33:30     a3TxRx.c Варіант сесії 256
12:33:30     0x3 0x0000  33 ms, err 1
12:33:30     a3TxRx.c Сесію 119 256  завершено. Код 1
12:33:31     a3TxRx.c Старт сесії 120
12:33:31     a3TxRx.c Варіант сесії 256
12:33:31     0x3 0x0000  30 ms, err 1
12:33:31     a3TxRx.c Сесію 120 256  завершено. Код 1
12:33:32     a3TxRx.c Старт сесії 121
12:33:32     a3TxRx.c Варіант сесії 256
12:33:32     0x3 0x0000  30 ms, err 1
12:33:32     a3TxRx.c Сесію 121 256  завершено. Код 1
12:33:33     a3TxRx.c Старт сесії 122
12:33:33     a3TxRx.c Варіант сесії 256
12:33:33     0x3 0x0000  30 ms, err 1
12:33:33     a3TxRx.c Сесію 122 256  завершено. Код 1
12:33:34     a3TxRx.c Старт сесії 123
12:33:34     a3TxRx.c Варіант сесії 256
12:33:34     0x3 0x0000  33 ms, err 1
12:33:34     a3TxRx.c Сесію 123 256  завершено. Код 1
12:33:35     a3TxRx.c Старт сесії 124
12:33:35     a3TxRx.c Варіант сесії 256
12:33:35     0x3 0x0000  30 ms, err 1
12:33:35     a3TxRx.c Сесію 124 256  завершено. Код 1
12:33:36     a3TxRx.c Старт сесії 125
12:33:36     a3TxRx.c Варіант сесії 256
12:33:36     0x3 0x0000  33 ms, err 1
12:33:36     a3TxRx.c Сесію 125 256  завершено. Код 1
12:33:37     a3TxRx.c Старт сесії 126
12:33:37     a3TxRx.c Варіант сесії 256
12:33:37     0x3 0x0000  30 ms, err 1
12:33:37     a3TxRx.c Сесію 126 256  завершено. Код 1
12:33:38     a3TxRx.c Старт сесії 127
12:33:38     a3TxRx.c Варіант сесії 256
12:33:38     0x3 0x0000  33 ms, err 1
12:33:38     a3TxRx.c Сесію 127 256  завершено. Код 1
12:33:39     a3TxRx.c Старт сесії 128
12:33:39     a3TxRx.c Варіант сесії 256
12:33:39     0x3 0x0000  30 ms, err 1
12:33:39     a3TxRx.c Сесію 128 256  завершено. Код 1
12:33:40     a3TxRx.c Старт сесії 129
12:33:40     a3TxRx.c Варіант сесії 256
12:33:40     0x3 0x0000  33 ms, err 1
12:33:40     a3TxRx.c Сесію 129 256  завершено. Код 1
12:33:41     a3TxRx.c Старт сесії 130
12:33:41     a3TxRx.c Варіант сесії 256
12:33:41     0x3 0x0000  30 ms, err 1
12:33:41     a3TxRx.c Сесію 130 256  завершено. Код 1
12:33:42     a3TxRx.c Старт сесії 131
12:33:42     a3TxRx.c Варіант сесії 256
12:33:42     0x3 0x0000  33 ms, err 1
12:33:42     a3TxRx.c Сесію 131 256  завершено. Код 1
12:33:43     a3TxRx.c Старт сесії 132
12:33:43     a3TxRx.c Варіант сесії 256
12:33:43     0x3 0x0000  30 ms, err 1
12:33:43     a3TxRx.c Сесію 132 256  завершено. Код 1
12:33:44     a3TxRx.c Старт сесії 133
12:33:44     a3TxRx.c Варіант сесії 256
12:33:44     0x3 0x0000  33 ms, err 1
12:33:44     a3TxRx.c Сесію 133 256  завершено. Код 1
12:33:45     a3TxRx.c Старт сесії 134
12:33:45     a3TxRx.c Варіант сесії 256
12:33:45     0x3 0x0000  30 ms, err 1
12:33:45     a3TxRx.c Сесію 134 256  завершено. Код 1
12:33:45     a3TxRx.c Старт сесії 135
12:33:45     a3TxRx.c Варіант сесії 8023
12:33:45     0x3 0x007B  21 ms, err 1
12:33:45     a3TxRx.c Сесію 135 8023  завершено. Код 1
12:33:46     a3TxRx.c Старт сесії 136
12:33:46     a3TxRx.c Варіант сесії 256
12:33:46     0x3 0x0000  33 ms, err 1
12:33:46     a3TxRx.c Сесію 136 256  завершено. Код 1
12:33:47     a3TxRx.c Старт сесії 137
12:33:47     a3TxRx.c Варіант сесії 256
12:33:47     0x3 0x0000  30 ms, err 1
12:33:47     a3TxRx.c Сесію 137 256  завершено. Код 1
12:33:47     a3TxRx.c Старт сесії 138
12:33:47     a3TxRx.c Варіант сесії 8023
12:33:47     0x3 0x007B  18 ms, err 1
12:33:47     a3TxRx.c Сесію 138 8023  завершено. Код 1
12:33:48     a3TxRx.c Старт сесії 139
12:33:48     a3TxRx.c Варіант сесії 256
12:33:48     0x3 0x0000  33 ms, err 1
12:33:48     a3TxRx.c Сесію 139 256  завершено. Код 1
12:33:49     a3TxRx.c Старт сесії 140
12:33:49     a3TxRx.c Варіант сесії 256
12:33:49     0x3 0x0000  30 ms, err 1
12:33:49     a3TxRx.c Сесію 140 256  завершено. Код 1
12:33:50     a3TxRx.c Старт сесії 141
12:33:50     a3TxRx.c Варіант сесії 256
12:33:50     0x3 0x0000  33 ms, err 1
12:33:50     a3TxRx.c Сесію 141 256  завершено. Код 1
12:33:51     a3TxRx.c Старт сесії 142
12:33:51     a3TxRx.c Варіант сесії 256
12:33:51     0x3 0x0000  30 ms, err 1
12:33:51     a3TxRx.c Сесію 142 256  завершено. Код 1
12:33:52     a3TxRx.c Старт сесії 143
12:33:52     a3TxRx.c Варіант сесії 256
12:33:52     0x3 0x0000  33 ms, err 1
12:33:52     a3TxRx.c Сесію 143 256  завершено. Код 1
12:33:53     a3TxRx.c Старт сесії 144
12:33:53     a3TxRx.c Варіант сесії 256
12:33:53     0x3 0x0000  30 ms, err 1
12:33:53     a3TxRx.c Сесію 144 256  завершено. Код 1
12:33:54     a3TxRx.c Старт сесії 145
12:33:54     a3TxRx.c Варіант сесії 256
12:33:54     0x3 0x0000  33 ms, err 1
12:33:54     a3TxRx.c Сесію 145 256  завершено. Код 1
12:33:55     a3TxRx.c Старт сесії 146
12:33:55     a3TxRx.c Варіант сесії 256
12:33:55     0x3 0x0000  30 ms, err 1
12:33:55     a3TxRx.c Сесію 146 256  завершено. Код 1
12:33:56     a3TxRx.c Старт сесії 147
12:33:56     a3TxRx.c Варіант сесії 256
12:33:56     0x3 0x0000  30 ms, err 1
12:33:56     a3TxRx.c Сесію 147 256  завершено. Код 1
12:33:57     a3TxRx.c Старт сесії 148
12:33:57     a3TxRx.c Варіант сесії 256
12:33:57     0x3 0x0000  30 ms, err 1
12:33:57     a3TxRx.c Сесію 148 256  завершено. Код 1
12:33:58     a3TxRx.c Старт сесії 149
12:33:58     a3TxRx.c Варіант сесії 256
12:33:58     0x3 0x0000  33 ms, err 1
12:33:58     a3TxRx.c Сесію 149 256  завершено. Код 1
12:33:59     a3TxRx.c Старт сесії 150
12:33:59     a3TxRx.c Варіант сесії 256
12:33:59     0x3 0x0000  30 ms, err 1
12:33:59     a3TxRx.c Сесію 150 256  завершено. Код 1
12:34:00     a3TxRx.c Старт сесії 151
12:34:00     a3TxRx.c Варіант сесії 256
12:34:00     0x3 0x0000  33 ms, err 1
12:34:00     a3TxRx.c Сесію 151 256  завершено. Код 1
12:34:01     a3TxRx.c Старт сесії 152
12:34:01     a3TxRx.c Варіант сесії 256
12:34:01     0x3 0x0000  30 ms, err 1
12:34:01     a3TxRx.c Сесію 152 256  завершено. Код 1
12:34:02     a3TxRx.c Старт сесії 153
12:34:02     a3TxRx.c Варіант сесії 256
12:34:02     0x3 0x0000  33 ms, err 1
12:34:02     a3TxRx.c Сесію 153 256  завершено. Код 1
12:34:03     a3TxRx.c Старт сесії 154
12:34:03     a3TxRx.c Варіант сесії 256
12:34:03     0x3 0x0000  30 ms, err 1
12:34:03     a3TxRx.c Сесію 154 256  завершено. Код 1
12:34:04     a3TxRx.c Старт сесії 155
12:34:04     a3TxRx.c Варіант сесії 256
12:34:04     0x3 0x0000  33 ms, err 1
12:34:04     a3TxRx.c Сесію 155 256  завершено. Код 1
12:34:05     a3TxRx.c Старт сесії 156
12:34:05     a3TxRx.c Варіант сесії 256
12:34:05     0x3 0x0000  30 ms, err 1
12:34:05     a3TxRx.c Сесію 156 256  завершено. Код 1
12:34:06     a3TxRx.c Старт сесії 157
12:34:06     a3TxRx.c Варіант сесії 256
12:34:06     0x3 0x0000  33 ms, err 1
12:34:06     a3TxRx.c Сесію 157 256  завершено. Код 1
12:34:07     a3TxRx.c Старт сесії 158
12:34:07     a3TxRx.c Варіант сесії 256
12:34:07     0x3 0x0000  30 ms, err 1
12:34:07     a3TxRx.c Сесію 158 256  завершено. Код 1
12:34:08     a3TxRx.c Старт сесії 159
12:34:08     a3TxRx.c Варіант сесії 256
12:34:08     0x3 0x0000  30 ms, err 1
12:34:08     a3TxRx.c Сесію 159 256  завершено. Код 1
12:34:09     a3TxRx.c Старт сесії 160
12:34:09     a3TxRx.c Варіант сесії 256
12:34:09     0x3 0x0000  30 ms, err 1
12:34:09     a3TxRx.c Сесію 160 256  завершено. Код 1
12:34:10     a3TxRx.c Старт сесії 161
12:34:10     a3TxRx.c Варіант сесії 256
12:34:10     0x3 0x0000  33 ms, err 1
12:34:10     a3TxRx.c Сесію 161 256  завершено. Код 1
12:34:11     a3TxRx.c Старт сесії 162
12:34:11     a3TxRx.c Варіант сесії 256
12:34:11     0x3 0x0000  30 ms, err 1
12:34:11     a3TxRx.c Сесію 162 256  завершено. Код 1
12:34:12     a3TxRx.c Старт сесії 163
12:34:12     a3TxRx.c Варіант сесії 256
12:34:12     0x3 0x0000  30 ms, err 1
12:34:12     a3TxRx.c Сесію 163 256  завершено. Код 1
12:34:13     a3TxRx.c Старт сесії 164
12:34:13     a3TxRx.c Варіант сесії 256
12:34:13     0x3 0x0000  30 ms, err 1
12:34:13     a3TxRx.c Сесію 164 256  завершено. Код 1
12:34:14     a3TxRx.c Старт сесії 165
12:34:14     a3TxRx.c Варіант сесії 256
12:34:14     0x3 0x0000  30 ms, err 1
12:34:14     a3TxRx.c Сесію 165 256  завершено. Код 1
12:34:15     a3TxRx.c Старт сесії 166
12:34:15     a3TxRx.c Варіант сесії 256
12:34:15     0x3 0x0000  30 ms, err 1
12:34:15     a3TxRx.c Сесію 166 256  завершено. Код 1
12:34:16     a3TxRx.c Старт сесії 167
12:34:16     a3TxRx.c Варіант сесії 256
12:34:16     0x3 0x0000  30 ms, err 1
12:34:16     a3TxRx.c Сесію 167 256  завершено. Код 1
12:34:17     a3TxRx.c Старт сесії 168
12:34:17     a3TxRx.c Варіант сесії 256
12:34:17     0x3 0x0000  30 ms, err 1
12:34:17     a3TxRx.c Сесію 168 256  завершено. Код 1
12:34:18     a3TxRx.c Старт сесії 169
12:34:18     a3TxRx.c Варіант сесії 256
12:34:18     0x3 0x0000  30 ms, err 1
12:34:18     a3TxRx.c Сесію 169 256  завершено. Код 1
12:34:19     a3TxRx.c Старт сесії 170
12:34:19     a3TxRx.c Варіант сесії 256
12:34:19     0x3 0x0000  30 ms, err 1
12:34:19     a3TxRx.c Сесію 170 256  завершено. Код 1
12:34:20     a3TxRx.c Старт сесії 171
12:34:20     a3TxRx.c Варіант сесії 256
12:34:20     0x3 0x0000  30 ms, err 1
12:34:20     a3TxRx.c Сесію 171 256  завершено. Код 1
12:34:21     a3TxRx.c Старт сесії 172
12:34:21     a3TxRx.c Варіант сесії 256
12:34:21     0x3 0x0000  33 ms, err 1
12:34:21     a3TxRx.c Сесію 172 256  завершено. Код 1
12:34:22     a3TxRx.c Старт сесії 173
12:34:22     a3TxRx.c Варіант сесії 256
12:34:22     0x3 0x0000  30 ms, err 1
12:34:22     a3TxRx.c Сесію 173 256  завершено. Код 1
12:34:23     a3TxRx.c Старт сесії 174
12:34:23     a3TxRx.c Варіант сесії 256
12:34:23     0x3 0x0000  30 ms, err 1
12:34:23     a3TxRx.c Сесію 174 256  завершено. Код 1
12:34:24     a3TxRx.c Старт сесії 175
12:34:24     a3TxRx.c Варіант сесії 256
12:34:24     0x3 0x0000  33 ms, err 1
12:34:24     a3TxRx.c Сесію 175 256  завершено. Код 1
12:34:25     a3TxRx.c Старт сесії 176
12:34:25     a3TxRx.c Варіант сесії 256
12:34:25     0x3 0x0000  33 ms, err 1
12:34:25     a3TxRx.c Сесію 176 256  завершено. Код 1
12:34:26     a3TxRx.c Старт сесії 177
12:34:26     a3TxRx.c Варіант сесії 256
12:34:26     0x3 0x0000  33 ms, err 1
12:34:26     a3TxRx.c Сесію 177 256  завершено. Код 1
12:34:27     a3TxRx.c Старт сесії 178
12:34:27     a3TxRx.c Варіант сесії 256
12:34:27     0x3 0x0000  33 ms, err 1
12:34:27     a3TxRx.c Сесію 178 256  завершено. Код 1
12:34:28     a3TxRx.c Старт сесії 179
12:34:28     a3TxRx.c Варіант сесії 256
12:34:28     0x3 0x0000  30 ms, err 1
12:34:28     a3TxRx.c Сесію 179 256  завершено. Код 1
12:34:29     a3TxRx.c Старт сесії 180
12:34:29     a3TxRx.c Варіант сесії 256
12:34:29     0x3 0x0000  33 ms, err 1
12:34:29     a3TxRx.c Сесію 180 256  завершено. Код 1
12:34:30     a3TxRx.c Старт сесії 181
12:34:30     a3TxRx.c Варіант сесії 256
12:34:30     0x3 0x0000  30 ms, err 1
12:34:30     a3TxRx.c Сесію 181 256  завершено. Код 1
12:34:31     a3TxRx.c Старт сесії 182
12:34:31     a3TxRx.c Варіант сесії 8023
12:34:31     0x3 0x007B  18 ms, err 1
12:34:31     a3TxRx.c Сесію 182 8023  завершено. Код 1
12:34:31     a3TxRx.c Старт сесії 183
12:34:31     a3TxRx.c Варіант сесії 256
12:34:31     0x3 0x0000  33 ms, err 1
12:34:31     a3TxRx.c Сесію 183 256  завершено. Код 1
12:34:32     a3TxRx.c Старт сесії 184
12:34:32     a3TxRx.c Варіант сесії 256
12:34:32     0x3 0x0000  30 ms, err 1
12:34:32     a3TxRx.c Сесію 184 256  завершено. Код 1
12:34:33     a3TxRx.c Старт сесії 185
12:34:33     a3TxRx.c Варіант сесії 256
12:34:33     0x3 0x0000  33 ms, err 1
12:34:33     a3TxRx.c Сесію 185 256  завершено. Код 1
12:34:34     a3TxRx.c Старт сесії 186
12:34:34     a3TxRx.c Варіант сесії 256
12:34:34     0x3 0x0000  30 ms, err 1
12:34:34     a3TxRx.c Сесію 186 256  завершено. Код 1
12:34:35     a3TxRx.c Старт сесії 187
12:34:35     a3TxRx.c Варіант сесії 256
12:34:35     0x3 0x0000  33 ms, err 1
12:34:35     a3TxRx.c Сесію 187 256  завершено. Код 1
12:34:36     a3TxRx.c Старт сесії 188
12:34:36     a3TxRx.c Варіант сесії 256
12:34:36     0x3 0x0000  30 ms, err 1
12:34:36     a3TxRx.c Сесію 188 256  завершено. Код 1
12:34:37     a3TxRx.c Старт сесії 189
12:34:37     a3TxRx.c Варіант сесії 256
12:34:37     0x3 0x0000  33 ms, err 1
12:34:37     a3TxRx.c Сесію 189 256  завершено. Код 1
12:34:38     a3TxRx.c Старт сесії 190
12:34:38     a3TxRx.c Варіант сесії 256
12:34:38     0x3 0x0000  30 ms, err 1
12:34:38     a3TxRx.c Сесію 190 256  завершено. Код 1
12:34:39     a3TxRx.c Старт сесії 191
12:34:39     a3TxRx.c Варіант сесії 16
12:34:40     0x10 0x0000  1002 ms, err 4
12:34:40     a3TxRx.c Сесію 191 16  завершено. Код 4
12:34:40      a3_tk5z.c Отримано повідомлення про помилку Модбас 4
12:34:40     a3TxRx.c Старт сесії 192
12:34:40     a3TxRx.c Варіант сесії 8023
12:34:41     0x3 0x0000  1002 ms, err 4
12:34:41     a3TxRx.c Сесію 192 8023  завершено. Код 4
12:34:41      a3_tk5z.c Отримано повідомлення про помилку Модбас 4
12:34:41     a3TxRx.c Старт сесії 193
12:34:41     a3TxRx.c Варіант сесії 256
12:34:45     0x3 0x0000  3003 ms, err 4
12:34:45     a3TxRx.c Сесію 193 256  завершено. Код 4
12:34:45      a3_tk5z.c Отримано повідомлення про помилку Модбас 4
12:34:46     a3TxRx.c Старт сесії 194
12:34:46     a3TxRx.c Варіант сесії 435
12:34:46     0x11 0x0000  603 ms, err 4
12:34:46     a3TxRx.c Сесію 194 435  завершено. Код 4
12:34:46      a3_tk5z.c Отримано повідомлення про помилку Модбас 4
12:34:46      a20_tk5.c: З обробника черги отримано відповідь про помилку тестового сеансу
12:34:46     a3TxRx.c Старт сесії 195
12:34:46     a3TxRx.c Варіант сесії 8013
12:34:48     0x3 0x0000  1002 ms, err 4
12:34:48     a3TxRx.c Сесію 195 8013  завершено. Код 4
12:34:48      a3_tk5z.c Отримано повідомлення про помилку Модбас 4
12:34:48     a3TxRx.c Старт сесії 196
12:34:48     a3TxRx.c Варіант сесії 8023
12:34:49     0x3 0x0000  1002 ms, err 4
12:34:49     a3TxRx.c Сесію 196 8023  завершено. Код 4
12:34:49      a3_tk5z.c Отримано повідомлення про помилку Модбас 4
12:34:49     a3TxRx.c Старт сесії 197
12:34:49     a3TxRx.c Варіант сесії 256
12:34:53     0x3 0x0000  3003 ms, err 4
12:34:53     a3TxRx.c Сесію 197 256  завершено. Код 4
12:34:53      a3_tk5z.c Отримано повідомлення про помилку Модбас 4
12:34:53     a3TxRx.c Старт сесії 198
12:34:53     a3TxRx.c Варіант сесії 256
12:34:57     0x3 0x0000  3003 ms, err 4
12:34:57     a3TxRx.c Сесію 198 256  завершено. Код 4
12:34:57      a3_tk5z.c Отримано повідомлення про помилку Модбас 4
12:34:57     a3TxRx.c Старт сесії 199
12:34:57     a3TxRx.c Варіант сесії 256
12:35:01     0x3 0x0000  3003 ms, err 4
12:35:01     a3TxRx.c Сесію 199 256  завершено. Код 4
12:35:01      a3_tk5z.c Отримано повідомлення про помилку Модбас 4
12:35:01     a3TxRx.c Старт сесії 200
12:35:01     a3TxRx.c Варіант сесії 256
12:35:05     0x3 0x0000  3003 ms, err 4
12:35:05     a3TxRx.c Сесію 200 256  завершено. Код 4
12:35:05      a3_tk5z.c Отримано повідомлення про помилку Модбас 4
12:35:05     a3TxRx.c Старт сесії 201
12:35:05     a3TxRx.c Варіант сесії 256
12:35:06     КО: СТОП дистанційного управління  :  :       0 діб(доби) 0 годин 5 хвилин - тривалість дистанційного управління

12:35:06     СТАТИСТИКА Модбас за час дистанційного управління
12:35:06     62.90 % - Процент зайнятості каналу 
12:35:06     201 - Кількість надісланих повідомлень
12:35:06     0. 0 % - Cесія завершилися без помилок
12:35:09     0x3 0x0000  3003 ms, err 4
12:35:09     a3TxRx.c Сесію 201 256  завершено. Код 4
12:35:09      a3_tk5z.c Отримано повідомлення про помилку Модбас 4
12:35:15     a3TxRx.c Старт сесії 202
12:35:15     a3TxRx.c Варіант сесії 256
12:35:19     0x3 0x0000  3003 ms, err 4
12:35:19     a3TxRx.c Сесію 202 256  завершено. Код 4
12:35:19      a3_tk5z.c Отримано повідомлення про помилку Модбас 4
12:35:19     a3TxRx.c Старт сесії 203
12:35:19     a3TxRx.c Варіант сесії 256
12:35:23     0x3 0x0000  3003 ms, err 4
12:35:23     a3TxRx.c Сесію 203 256  завершено. Код 4
12:35:23      a3_tk5z.c Отримано повідомлення про помилку Модбас 4
12:35:23     a3TxRx.c Старт сесії 204
12:35:23     a3TxRx.c Варіант сесії 256
12:35:27     0x3 0x0000  3003 ms, err 4
12:35:27     a3TxRx.c Сесію 204 256  завершено. Код 4
12:35:27      a3_tk5z.c Отримано повідомлення про помилку Модбас 4
12:35:27     a3TxRx.c Старт сесії 205
12:35:27     a3TxRx.c Варіант сесії 256
12:35:31     0x3 0x0000  3003 ms, err 4
12:35:31     a3TxRx.c Сесію 205 256  завершено. Код 4
12:35:31      a3_tk5z.c Отримано повідомлення про помилку Модбас 4
12:35:31     a3TxRx.c Старт сесії 206
12:35:31     a3TxRx.c Варіант сесії 256
12:35:35     0x3 0x0000  3003 ms, err 4
12:35:35     a3TxRx.c Сесію 206 256  завершено. Код 4
12:35:35      a3_tk5z.c Отримано повідомлення про помилку Модбас 4
12:35:35     a3TxRx.c Старт сесії 207
12:35:35     a3TxRx.c Варіант сесії 256
12:35:39     0x3 0x0000  3003 ms, err 4
12:35:39     a3TxRx.c Сесію 207 256  завершено. Код 4
12:35:39      a3_tk5z.c Отримано повідомлення про помилку Модбас 4
12:35:39     a3TxRx.c Старт сесії 208
12:35:39     a3TxRx.c Варіант сесії 256
12:35:43     0x3 0x0000  3003 ms, err 4
12:35:43     a3TxRx.c Сесію 208 256  завершено. Код 4
12:35:43      a3_tk5z.c Отримано повідомлення про помилку Модбас 4
12:35:43     a3TxRx.c Старт сесії 209
12:35:43     a3TxRx.c Варіант сесії 256
12:35:47     0x3 0x0000  3003 ms, err 4
12:35:47     a3TxRx.c Сесію 209 256  завершено. Код 4
12:35:47      a3_tk5z.c Отримано повідомлення про помилку Модбас 4
12:35:47     a3TxRx.c Старт сесії 210
12:35:47     a3TxRx.c Варіант сесії 256
12:35:51     0x3 0x0000  3003 ms, err 4
12:35:51     a3TxRx.c Сесію 210 256  завершено. Код 4
12:35:51      a3_tk5z.c Отримано повідомлення про помилку Модбас 4
12:35:51     a3TxRx.c Старт сесії 211
12:35:51     a3TxRx.c Варіант сесії 256
12:35:55     0x3 0x0000  3003 ms, err 4
12:35:55     a3TxRx.c Сесію 211 256  завершено. Код 4
12:35:55      a3_tk5z.c Отримано повідомлення про помилку Модбас 4
12:35:55     a3TxRx.c Старт сесії 212
12:35:55     a3TxRx.c Варіант сесії 256
12:35:59     0x3 0x0000  3003 ms, err 4
12:35:59     a3TxRx.c Сесію 212 256  завершено. Код 4
12:35:59      a3_tk5z.c Отримано повідомлення про помилку Модбас 4
12:35:59     a3TxRx.c Старт сесії 213
12:35:59     a3TxRx.c Варіант сесії 256
12:36:03     0x3 0x0000  3003 ms, err 4
12:36:03     a3TxRx.c Сесію 213 256  завершено. Код 4
12:36:03      a3_tk5z.c Отримано повідомлення про помилку Модбас 4
12:36:03     a3TxRx.c Старт сесії 214
12:36:03     a3TxRx.c Варіант сесії 256
12:36:07     0x3 0x0000  3003 ms, err 4
12:36:07     a3TxRx.c Сесію 214 256  завершено. Код 4
12:36:07      a3_tk5z.c Отримано повідомлення про помилку Модбас 4
12:36:07     a3TxRx.c Старт сесії 215
12:36:07     a3TxRx.c Варіант сесії 256
12:36:11     0x3 0x0000  3003 ms, err 4
12:36:11     a3TxRx.c Сесію 215 256  завершено. Код 4
12:36:11      a3_tk5z.c Отримано повідомлення про помилку Модбас 4
12:36:11     a3TxRx.c Старт сесії 216
12:36:11     a3TxRx.c Варіант сесії 256
12:36:15     0x3 0x0000  3003 ms, err 4
12:36:15     a3TxRx.c Сесію 216 256  завершено. Код 4
12:36:15      a3_tk5z.c Отримано повідомлення про помилку Модбас 4



